[35m[Appium][39m Welcome to Appium v1.22.1
[35m[Appium][39m Non-default server args:
[35m[Appium][39m   port: 59829
[35m[Appium][39m   loglevel: info
[35m[Appium][39m   tmpDir: C:\Users\SehatQ\AppData\Local\Temp\\Katalon\Appium\Temp1655703373374
[35m[Appium][39m   chromedriverPort: 59830
[35m[Appium][39m Deprecated server args:
[35m[Appium][39m   [31m--chromedriver-port[39m => --default-capabilities
[35m[Appium][39m Default capabilities, which will be added to each request unless overridden by desired capabilities:
[35m[Appium][39m   chromedriverPort: 59830
[35m[Appium][39m Appium REST http interface listener started on 0.0.0.0:59829
[35m[HTTP][39m [37m-->[39m [37mGET[39m [37m/wd/hub/status[39m
[35m[HTTP][39m [90m{}[39m
[35m[HTTP][39m [37m<-- GET /wd/hub/status [39m[32m200[39m [90m16 ms - 68[39m
[35m[HTTP][39m [90m[39m
[35m[HTTP][39m [37m-->[39m [37mPOST[39m [37m/wd/hub/session[39m
[35m[HTTP][39m [90m{"desiredCapabilities":{"appActivity":".Settings","appPackage":"com.android.settings","newCommandTimeout":1800,"platformVersion":"11","automationName":"uiautomator2","autoGrantPermissions":true,"platformName":"Android","udid":"RR8R702M5WD","deviceName":"samsung SM-A525F (Android 11)","platform":"ANDROID","systemPort":8284},"capabilities":{"firstMatch":[{"appium:appActivity":".Settings","appium:appPackage":"com.android.settings","appium:autoGrantPermissions":true,"appium:automationName":"uiautomator2","appium:deviceName":"samsung SM-A525F (Android 11)","appium:newCommandTimeout":1800,"platform":"ANDROID","platformName":"android","appium:platformVersion":"11","appium:systemPort":8284,"appium:udid":"RR8R702M5WD"}]}}[39m
[35m[BaseDriver][39m The following capabilities are not standard capabilities and should have an extension prefix:
[35m[BaseDriver][39m   platform
[35m[BaseDriver][39m   chromedriverPort
[35m[Appium][39m Appium v1.22.1 creating new AndroidUiautomator2Driver (v1.70.1) session
[35m[BaseDriver][39m The following capabilities were provided, but are not recognized by Appium:
[35m[BaseDriver][39m   platform
[35m[BaseDriver][39m Session created with session id: b55f0371-38e1-4f2a-8514-356882bd426e
[35m[UiAutomator2][39m Starting 'com.android.settings' directly on the device
[35m[ADB][39m Found 2 'build-tools' folders under 'C:\Users\SehatQ\AppData\Local\Android\Sdk' (newest first):
[35m[ADB][39m     C:/Users/SehatQ/AppData/Local/Android/Sdk/build-tools/32.1.0-rc1
[35m[ADB][39m     C:/Users/SehatQ/AppData/Local/Android/Sdk/build-tools/32.0.0
[35m[ADB][39m Using 'adb.exe' from 'C:\Users\SehatQ\AppData\Local\Android\Sdk\platform-tools\adb.exe'
[35m[AndroidDriver][39m Retrieving device list
[35m[AndroidDriver][39m Using device: RR8R702M5WD
[35m[ADB][39m Using 'adb.exe' from 'C:\Users\SehatQ\AppData\Local\Android\Sdk\platform-tools\adb.exe'
[35m[ADB][39m Getting device platform version
[35m[UiAutomator2][39m Relaxing hidden api policy
[35m[AndroidDriver][39m No app sent in, not parsing package/activity
[35m[ADB][39m Using 'apksigner.jar' from 'C:\Users\SehatQ\AppData\Local\Android\Sdk\build-tools\32.1.0-rc1\lib\apksigner.jar'
[35m[ADB][39m 'C:\Users\SehatQ\AppData\Roaming\npm\node_modules\appium\node_modules\appium-uiautomator2-server\apks\appium-uiautomator2-server-v4.27.0.apk' is signed with the default certificate
[35m[ADB][39m 'C:\Users\SehatQ\AppData\Roaming\npm\node_modules\appium\node_modules\appium-uiautomator2-server\apks\appium-uiautomator2-server-debug-androidTest.apk' is signed with the default certificate
[35m[UiAutomator2][39m Server packages are not going to be (re)installed
[35m[ADB][39m Adding packages ["io.appium.settings","io.appium.uiautomator2.server","io.appium.uiautomator2.server.test"] to Doze whitelist
[35m[ADB][39m com.android.settings contains no permissions available for granting
[35m[UiAutomator2][39m Starting UIAutomator2 server 4.27.0
[35m[UiAutomator2][39m Using UIAutomator2 server from 'C:\Users\SehatQ\AppData\Roaming\npm\node_modules\appium\node_modules\appium-uiautomator2-server\apks\appium-uiautomator2-server-v4.27.0.apk' and test from 'C:\Users\SehatQ\AppData\Roaming\npm\node_modules\appium\node_modules\appium-uiautomator2-server\apks\appium-uiautomator2-server-debug-androidTest.apk'
[35m[UiAutomator2][39m Waiting up to 30000ms for UiAutomator2 to be online...
[35m[WD Proxy][39m socket hang up
[35m[WD Proxy][39m socket hang up
[35m[WD Proxy][39m socket hang up
[35m[WD Proxy][39m Determined the downstream protocol as 'W3C'
[35m[AndroidDriver][39m Screen already unlocked, doing nothing
[35m[UiAutomator2][39m Starting 'com.android.settings/.Settings and waiting for 'com.android.settings/.Settings'
[35m[Appium][39m New AndroidUiautomator2Driver session created successfully, session b55f0371-38e1-4f2a-8514-356882bd426e added to master session list
[35m[HTTP][39m [37m<-- POST /wd/hub/session [39m[32m200[39m [90m9947 ms - 1158[39m
[35m[HTTP][39m [90m[39m
[35m[HTTP][39m [37m-->[39m [37mGET[39m [37m/wd/hub/session/b55f0371-38e1-4f2a-8514-356882bd426e[39m
[35m[HTTP][39m [90m{}[39m
[35m[HTTP][39m [37m<-- GET /wd/hub/session/b55f0371-38e1-4f2a-8514-356882bd426e [39m[32m200[39m [90m21 ms - 1112[39m
[35m[HTTP][39m [90m[39m
[35m[HTTP][39m [37m-->[39m [37mGET[39m [37m/wd/hub/session/b55f0371-38e1-4f2a-8514-356882bd426e[39m
[35m[HTTP][39m [90m{}[39m
[35m[HTTP][39m [37m<-- GET /wd/hub/session/b55f0371-38e1-4f2a-8514-356882bd426e [39m[32m200[39m [90m22 ms - 1112[39m
[35m[HTTP][39m [90m[39m
[35m[HTTP][39m [37m-->[39m [37mGET[39m [37m/wd/hub/status[39m
[35m[HTTP][39m [90m{}[39m
[35m[HTTP][39m [37m<-- GET /wd/hub/status [39m[32m200[39m [90m1 ms - 68[39m
[35m[HTTP][39m [90m[39m
[35m[HTTP][39m [37m-->[39m [37mPOST[39m [37m/wd/hub/session/b55f0371-38e1-4f2a-8514-356882bd426e/timeouts[39m
[35m[HTTP][39m [90m{"implicit":30000}[39m
[35m[HTTP][39m [37m<-- POST /wd/hub/session/b55f0371-38e1-4f2a-8514-356882bd426e/timeouts [39m[32m200[39m [90m3 ms - 14[39m
[35m[HTTP][39m [90m[39m
[35m[HTTP][39m [37m-->[39m [37mGET[39m [37m/wd/hub/session/b55f0371-38e1-4f2a-8514-356882bd426e/screenshot[39m
[35m[HTTP][39m [90m{}[39m
[35m[HTTP][39m [37m<-- GET /wd/hub/session/b55f0371-38e1-4f2a-8514-356882bd426e/screenshot [39m[32m200[39m [90m447 ms - 229152[39m
[35m[HTTP][39m [90m[39m
[35m[HTTP][39m [37m-->[39m [37mGET[39m [37m/wd/hub/session/b55f0371-38e1-4f2a-8514-356882bd426e/window/rect[39m
[35m[HTTP][39m [90m{}[39m
[35m[HTTP][39m [37m<-- GET /wd/hub/session/b55f0371-38e1-4f2a-8514-356882bd426e/window/rect [39m[32m200[39m [90m36 ms - 50[39m
[35m[HTTP][39m [90m[39m
[35m[HTTP][39m [37m-->[39m [37mGET[39m [37m/wd/hub/session/b55f0371-38e1-4f2a-8514-356882bd426e/appium/device/system_bars[39m
[35m[HTTP][39m [90m{}[39m
[35m[HTTP][39m [37m<-- GET /wd/hub/session/b55f0371-38e1-4f2a-8514-356882bd426e/appium/device/system_bars [39m[32m200[39m [90m155 ms - 148[39m
[35m[HTTP][39m [90m[39m
[35m[HTTP][39m [37m-->[39m [37mPOST[39m [37m/wd/hub/session/b55f0371-38e1-4f2a-8514-356882bd426e/appium/device/activate_app[39m
[35m[HTTP][39m [90m{"bundleId":"com.traveloka.android"}[39m
[35m[HTTP][39m [37m<-- POST /wd/hub/session/b55f0371-38e1-4f2a-8514-356882bd426e/appium/device/activate_app [39m[32m200[39m [90m589 ms - 14[39m
[35m[HTTP][39m [90m[39m
[35m[HTTP][39m [37m-->[39m [37mPOST[39m [37m/wd/hub/session/b55f0371-38e1-4f2a-8514-356882bd426e/timeouts[39m
[35m[HTTP][39m [90m{"implicit":50}[39m
[35m[HTTP][39m [37m<-- POST /wd/hub/session/b55f0371-38e1-4f2a-8514-356882bd426e/timeouts [39m[32m200[39m [90m2 ms - 14[39m
[35m[HTTP][39m [90m[39m
[35m[HTTP][39m [37m-->[39m [37mGET[39m [37m/wd/hub/session/b55f0371-38e1-4f2a-8514-356882bd426e/window/rect[39m
[35m[HTTP][39m [90m{}[39m
[35m[HTTP][39m [37m<-- GET /wd/hub/session/b55f0371-38e1-4f2a-8514-356882bd426e/window/rect [39m[32m200[39m [90m23 ms - 50[39m
[35m[HTTP][39m [90m[39m
[35m[HTTP][39m [37m-->[39m [37mPOST[39m [37m/wd/hub/session/b55f0371-38e1-4f2a-8514-356882bd426e/elements[39m
[35m[HTTP][39m [90m{"using":"xpath","value":"//*[@class = 'android.widget.TextView' and (@text = 'Flights' or . = 'Flights') and @resource-id = 'com.traveloka.android:id/text_view_toolbar_title']"}[39m
[35m[HTTP][39m [37m<-- POST /wd/hub/session/b55f0371-38e1-4f2a-8514-356882bd426e/elements [39m[32m200[39m [90m1899 ms - 139[39m
[35m[HTTP][39m [90m[39m
[35m[HTTP][39m [37m-->[39m [37mGET[39m [37m/wd/hub/session/b55f0371-38e1-4f2a-8514-356882bd426e/element/00000000-0000-11af-ffff-ffff000072ef/location[39m
[35m[HTTP][39m [90m{}[39m
[35m[W3C (b55f0371)][39m Driver proxy active, passing request on via HTTP proxy
[35m[WD Proxy][39m Replacing sessionId a38c7b68-84a5-4dd4-b63c-bdd6a9e7a72d with b55f0371-38e1-4f2a-8514-356882bd426e
[35m[HTTP][39m [37m<-- GET /wd/hub/session/b55f0371-38e1-4f2a-8514-356882bd426e/element/00000000-0000-11af-ffff-ffff000072ef/location [39m[32m200[39m [90m62 ms - 78[39m
[35m[HTTP][39m [90m[39m
[35m[HTTP][39m [37m-->[39m [37mPOST[39m [37m/wd/hub/session/b55f0371-38e1-4f2a-8514-356882bd426e/timeouts[39m
[35m[HTTP][39m [90m{"implicit":30000}[39m
[35m[HTTP][39m [37m<-- POST /wd/hub/session/b55f0371-38e1-4f2a-8514-356882bd426e/timeouts [39m[32m200[39m [90m1 ms - 14[39m
[35m[HTTP][39m [90m[39m
[35m[HTTP][39m [37m-->[39m [37mPOST[39m [37m/wd/hub/session/b55f0371-38e1-4f2a-8514-356882bd426e/timeouts[39m
[35m[HTTP][39m [90m{"implicit":50}[39m
[35m[HTTP][39m [37m<-- POST /wd/hub/session/b55f0371-38e1-4f2a-8514-356882bd426e/timeouts [39m[32m200[39m [90m1 ms - 14[39m
[35m[HTTP][39m [90m[39m
[35m[HTTP][39m [37m-->[39m [37mGET[39m [37m/wd/hub/session/b55f0371-38e1-4f2a-8514-356882bd426e/window/rect[39m
[35m[HTTP][39m [90m{}[39m
[35m[HTTP][39m [37m<-- GET /wd/hub/session/b55f0371-38e1-4f2a-8514-356882bd426e/window/rect [39m[32m200[39m [90m33 ms - 50[39m
[35m[HTTP][39m [90m[39m
[35m[HTTP][39m [37m-->[39m [37mPOST[39m [37m/wd/hub/session/b55f0371-38e1-4f2a-8514-356882bd426e/elements[39m
[35m[HTTP][39m [90m{"using":"xpath","value":"//*[@class = 'android.widget.TextView' and (@text = 'One-way / Round-trip' or . = 'One-way / Round-trip') and @resource-id = 'com.traveloka.android.flight:id/text_owrt']"}[39m
[35m[HTTP][39m [37m<-- POST /wd/hub/session/b55f0371-38e1-4f2a-8514-356882bd426e/elements [39m[32m200[39m [90m515 ms - 139[39m
[35m[HTTP][39m [90m[39m
[35m[HTTP][39m [37m-->[39m [37mGET[39m [37m/wd/hub/session/b55f0371-38e1-4f2a-8514-356882bd426e/element/00000000-0000-11af-ffff-ffff00007277/location[39m
[35m[HTTP][39m [90m{}[39m
[35m[W3C (b55f0371)][39m Driver proxy active, passing request on via HTTP proxy
[35m[WD Proxy][39m Replacing sessionId a38c7b68-84a5-4dd4-b63c-bdd6a9e7a72d with b55f0371-38e1-4f2a-8514-356882bd426e
[35m[HTTP][39m [37m<-- GET /wd/hub/session/b55f0371-38e1-4f2a-8514-356882bd426e/element/00000000-0000-11af-ffff-ffff00007277/location [39m[32m200[39m [90m45 ms - 77[39m
[35m[HTTP][39m [90m[39m
[35m[HTTP][39m [37m-->[39m [37mPOST[39m [37m/wd/hub/session/b55f0371-38e1-4f2a-8514-356882bd426e/timeouts[39m
[35m[HTTP][39m [90m{"implicit":30000}[39m
[35m[HTTP][39m [37m<-- POST /wd/hub/session/b55f0371-38e1-4f2a-8514-356882bd426e/timeouts [39m[32m200[39m [90m2 ms - 14[39m
[35m[HTTP][39m [90m[39m
[35m[HTTP][39m [37m-->[39m [37mPOST[39m [37m/wd/hub/session/b55f0371-38e1-4f2a-8514-356882bd426e/touch/perform[39m
[35m[HTTP][39m [90m{"actions":[{"action":"tap","options":{"x":1,"y":1,"element":"00000000-0000-11af-ffff-ffff00007277"}},{"action":"release","options":{}}]}[39m
[35m[UiAutomator2][39m calling get location: 00000000-0000-11af-ffff-ffff00007277
[35m[HTTP][39m [37m<-- POST /wd/hub/session/b55f0371-38e1-4f2a-8514-356882bd426e/touch/perform [39m[32m200[39m [90m250 ms - 14[39m
[35m[HTTP][39m [90m[39m
[35m[HTTP][39m [37m-->[39m [37mPOST[39m [37m/wd/hub/session/b55f0371-38e1-4f2a-8514-356882bd426e/timeouts[39m
[35m[HTTP][39m [90m{"implicit":50}[39m
[35m[HTTP][39m [37m<-- POST /wd/hub/session/b55f0371-38e1-4f2a-8514-356882bd426e/timeouts [39m[32m200[39m [90m1 ms - 14[39m
[35m[HTTP][39m [90m[39m
[35m[HTTP][39m [37m-->[39m [37mGET[39m [37m/wd/hub/session/b55f0371-38e1-4f2a-8514-356882bd426e/window/rect[39m
[35m[HTTP][39m [90m{}[39m
[35m[HTTP][39m [37m<-- GET /wd/hub/session/b55f0371-38e1-4f2a-8514-356882bd426e/window/rect [39m[32m200[39m [90m21 ms - 50[39m
[35m[HTTP][39m [90m[39m
[35m[HTTP][39m [37m-->[39m [37mPOST[39m [37m/wd/hub/session/b55f0371-38e1-4f2a-8514-356882bd426e/elements[39m
[35m[HTTP][39m [90m{"using":"xpath","value":"//*[@class = 'android.widget.EditText' and @resource-id = 'com.traveloka.android:id/edit_text_field' and @bounds = '[74,478][1006,583]']"}[39m
[35m[HTTP][39m [37m<-- POST /wd/hub/session/b55f0371-38e1-4f2a-8514-356882bd426e/elements [39m[32m200[39m [90m839 ms - 139[39m
[35m[HTTP][39m [90m[39m
[35m[HTTP][39m [37m-->[39m [37mGET[39m [37m/wd/hub/session/b55f0371-38e1-4f2a-8514-356882bd426e/element/00000000-0000-11af-ffff-ffff0000727b/location[39m
[35m[HTTP][39m [90m{}[39m
[35m[W3C (b55f0371)][39m Driver proxy active, passing request on via HTTP proxy
[35m[WD Proxy][39m Replacing sessionId a38c7b68-84a5-4dd4-b63c-bdd6a9e7a72d with b55f0371-38e1-4f2a-8514-356882bd426e
[35m[HTTP][39m [37m<-- GET /wd/hub/session/b55f0371-38e1-4f2a-8514-356882bd426e/element/00000000-0000-11af-ffff-ffff0000727b/location [39m[32m200[39m [90m24 ms - 77[39m
[35m[HTTP][39m [90m[39m
[35m[HTTP][39m [37m-->[39m [37mPOST[39m [37m/wd/hub/session/b55f0371-38e1-4f2a-8514-356882bd426e/timeouts[39m
[35m[HTTP][39m [90m{"implicit":30000}[39m
[35m[HTTP][39m [37m<-- POST /wd/hub/session/b55f0371-38e1-4f2a-8514-356882bd426e/timeouts [39m[32m200[39m [90m1 ms - 14[39m
[35m[HTTP][39m [90m[39m
[35m[HTTP][39m [37m-->[39m [37mPOST[39m [37m/wd/hub/session/b55f0371-38e1-4f2a-8514-356882bd426e/touch/perform[39m
[35m[HTTP][39m [90m{"actions":[{"action":"tap","options":{"x":1,"y":1,"element":"00000000-0000-11af-ffff-ffff0000727b"}},{"action":"release","options":{}}]}[39m
[35m[UiAutomator2][39m calling get location: 00000000-0000-11af-ffff-ffff0000727b
[35m[HTTP][39m [37m<-- POST /wd/hub/session/b55f0371-38e1-4f2a-8514-356882bd426e/touch/perform [39m[32m200[39m [90m223 ms - 14[39m
[35m[HTTP][39m [90m[39m
[35m[HTTP][39m [37m-->[39m [37mPOST[39m [37m/wd/hub/session/b55f0371-38e1-4f2a-8514-356882bd426e/timeouts[39m
[35m[HTTP][39m [90m{"implicit":50}[39m
[35m[HTTP][39m [37m<-- POST /wd/hub/session/b55f0371-38e1-4f2a-8514-356882bd426e/timeouts [39m[32m200[39m [90m1 ms - 14[39m
[35m[HTTP][39m [90m[39m
[35m[HTTP][39m [37m-->[39m [37mGET[39m [37m/wd/hub/session/b55f0371-38e1-4f2a-8514-356882bd426e/window/rect[39m
[35m[HTTP][39m [90m{}[39m
[35m[HTTP][39m [37m<-- GET /wd/hub/session/b55f0371-38e1-4f2a-8514-356882bd426e/window/rect [39m[32m200[39m [90m31 ms - 50[39m
[35m[HTTP][39m [90m[39m
[35m[HTTP][39m [37m-->[39m [37mPOST[39m [37m/wd/hub/session/b55f0371-38e1-4f2a-8514-356882bd426e/elements[39m
[35m[HTTP][39m [90m{"using":"xpath","value":"//*[@class = 'android.widget.EditText' and (@text = 'Search city or airport' or . = 'Search city or airport') and @resource-id = 'com.traveloka.android:id/edit_text_field']"}[39m
[35m[HTTP][39m [37m<-- POST /wd/hub/session/b55f0371-38e1-4f2a-8514-356882bd426e/elements [39m[32m200[39m [90m1047 ms - 139[39m
[35m[HTTP][39m [90m[39m
[35m[HTTP][39m [37m-->[39m [37mGET[39m [37m/wd/hub/session/b55f0371-38e1-4f2a-8514-356882bd426e/element/00000000-0000-11b9-ffff-ffff00009143/location[39m
[35m[HTTP][39m [90m{}[39m
[35m[W3C (b55f0371)][39m Driver proxy active, passing request on via HTTP proxy
[35m[WD Proxy][39m Replacing sessionId a38c7b68-84a5-4dd4-b63c-bdd6a9e7a72d with b55f0371-38e1-4f2a-8514-356882bd426e
[35m[HTTP][39m [37m<-- GET /wd/hub/session/b55f0371-38e1-4f2a-8514-356882bd426e/element/00000000-0000-11b9-ffff-ffff00009143/location [39m[32m200[39m [90m40 ms - 77[39m
[35m[HTTP][39m [90m[39m
[35m[HTTP][39m [37m-->[39m [37mPOST[39m [37m/wd/hub/session/b55f0371-38e1-4f2a-8514-356882bd426e/timeouts[39m
[35m[HTTP][39m [90m{"implicit":30000}[39m
[35m[HTTP][39m [37m<-- POST /wd/hub/session/b55f0371-38e1-4f2a-8514-356882bd426e/timeouts [39m[32m200[39m [90m1 ms - 14[39m
[35m[HTTP][39m [90m[39m
[35m[HTTP][39m [37m-->[39m [37mPOST[39m [37m/wd/hub/session/b55f0371-38e1-4f2a-8514-356882bd426e/timeouts[39m
[35m[HTTP][39m [90m{"implicit":50}[39m
[35m[HTTP][39m [37m<-- POST /wd/hub/session/b55f0371-38e1-4f2a-8514-356882bd426e/timeouts [39m[32m200[39m [90m3 ms - 14[39m
[35m[HTTP][39m [90m[39m
[35m[HTTP][39m [37m-->[39m [37mGET[39m [37m/wd/hub/session/b55f0371-38e1-4f2a-8514-356882bd426e/window/rect[39m
[35m[HTTP][39m [90m{}[39m
[35m[HTTP][39m [37m<-- GET /wd/hub/session/b55f0371-38e1-4f2a-8514-356882bd426e/window/rect [39m[32m200[39m [90m19 ms - 50[39m
[35m[HTTP][39m [90m[39m
[35m[HTTP][39m [37m-->[39m [37mPOST[39m [37m/wd/hub/session/b55f0371-38e1-4f2a-8514-356882bd426e/elements[39m
[35m[HTTP][39m [90m{"using":"xpath","value":"//*[@class = 'android.widget.EditText' and (@text = 'Search city or airport' or . = 'Search city or airport') and @resource-id = 'com.traveloka.android:id/edit_text_field']"}[39m
[35m[HTTP][39m [37m<-- POST /wd/hub/session/b55f0371-38e1-4f2a-8514-356882bd426e/elements [39m[32m200[39m [90m195 ms - 139[39m
[35m[HTTP][39m [90m[39m
[35m[HTTP][39m [37m-->[39m [37mGET[39m [37m/wd/hub/session/b55f0371-38e1-4f2a-8514-356882bd426e/element/00000000-0000-11b9-ffff-ffff00009143/location[39m
[35m[HTTP][39m [90m{}[39m
[35m[W3C (b55f0371)][39m Driver proxy active, passing request on via HTTP proxy
[35m[WD Proxy][39m Replacing sessionId a38c7b68-84a5-4dd4-b63c-bdd6a9e7a72d with b55f0371-38e1-4f2a-8514-356882bd426e
[35m[HTTP][39m [37m<-- GET /wd/hub/session/b55f0371-38e1-4f2a-8514-356882bd426e/element/00000000-0000-11b9-ffff-ffff00009143/location [39m[32m200[39m [90m25 ms - 77[39m
[35m[HTTP][39m [90m[39m
[35m[HTTP][39m [37m-->[39m [37mPOST[39m [37m/wd/hub/session/b55f0371-38e1-4f2a-8514-356882bd426e/timeouts[39m
[35m[HTTP][39m [90m{"implicit":30000}[39m
[35m[HTTP][39m [37m<-- POST /wd/hub/session/b55f0371-38e1-4f2a-8514-356882bd426e/timeouts [39m[32m200[39m [90m1 ms - 14[39m
[35m[HTTP][39m [90m[39m
[35m[HTTP][39m [37m-->[39m [37mPOST[39m [37m/wd/hub/session/b55f0371-38e1-4f2a-8514-356882bd426e/touch/perform[39m
[35m[HTTP][39m [90m{"actions":[{"action":"tap","options":{"x":1,"y":1,"element":"00000000-0000-11b9-ffff-ffff00009143"}},{"action":"release","options":{}}]}[39m
[35m[UiAutomator2][39m calling get location: 00000000-0000-11b9-ffff-ffff00009143
[35m[HTTP][39m [37m<-- POST /wd/hub/session/b55f0371-38e1-4f2a-8514-356882bd426e/touch/perform [39m[32m200[39m [90m238 ms - 14[39m
[35m[HTTP][39m [90m[39m
[35m[HTTP][39m [37m-->[39m [37mPOST[39m [37m/wd/hub/session/b55f0371-38e1-4f2a-8514-356882bd426e/timeouts[39m
[35m[HTTP][39m [90m{"implicit":50}[39m
[35m[HTTP][39m [37m<-- POST /wd/hub/session/b55f0371-38e1-4f2a-8514-356882bd426e/timeouts [39m[32m200[39m [90m2 ms - 14[39m
[35m[HTTP][39m [90m[39m
[35m[HTTP][39m [37m-->[39m [37mGET[39m [37m/wd/hub/session/b55f0371-38e1-4f2a-8514-356882bd426e/window/rect[39m
[35m[HTTP][39m [90m{}[39m
[35m[HTTP][39m [37m<-- GET /wd/hub/session/b55f0371-38e1-4f2a-8514-356882bd426e/window/rect [39m[32m200[39m [90m16 ms - 50[39m
[35m[HTTP][39m [90m[39m
[35m[HTTP][39m [37m-->[39m [37mPOST[39m [37m/wd/hub/session/b55f0371-38e1-4f2a-8514-356882bd426e/elements[39m
[35m[HTTP][39m [90m{"using":"xpath","value":"//*[@class = 'android.widget.EditText' and (@text = 'Search city or airport' or . = 'Search city or airport') and @resource-id = 'com.traveloka.android:id/edit_text_field']"}[39m
[35m[HTTP][39m [37m<-- POST /wd/hub/session/b55f0371-38e1-4f2a-8514-356882bd426e/elements [39m[32m200[39m [90m753 ms - 139[39m
[35m[HTTP][39m [90m[39m
[35m[HTTP][39m [37m-->[39m [37mGET[39m [37m/wd/hub/session/b55f0371-38e1-4f2a-8514-356882bd426e/element/00000000-0000-11b9-ffff-ffff00009143/location[39m
[35m[HTTP][39m [90m{}[39m
[35m[W3C (b55f0371)][39m Driver proxy active, passing request on via HTTP proxy
[35m[WD Proxy][39m Replacing sessionId a38c7b68-84a5-4dd4-b63c-bdd6a9e7a72d with b55f0371-38e1-4f2a-8514-356882bd426e
[35m[HTTP][39m [37m<-- GET /wd/hub/session/b55f0371-38e1-4f2a-8514-356882bd426e/element/00000000-0000-11b9-ffff-ffff00009143/location [39m[32m200[39m [90m25 ms - 77[39m
[35m[HTTP][39m [90m[39m
[35m[HTTP][39m [37m-->[39m [37mPOST[39m [37m/wd/hub/session/b55f0371-38e1-4f2a-8514-356882bd426e/timeouts[39m
[35m[HTTP][39m [90m{"implicit":30000}[39m
[35m[HTTP][39m [37m<-- POST /wd/hub/session/b55f0371-38e1-4f2a-8514-356882bd426e/timeouts [39m[32m200[39m [90m1 ms - 14[39m
[35m[HTTP][39m [90m[39m
[35m[HTTP][39m [37m-->[39m [37mPOST[39m [37m/wd/hub/session/b55f0371-38e1-4f2a-8514-356882bd426e/element/00000000-0000-11b9-ffff-ffff00009143/value[39m
[35m[HTTP][39m [90m{"id":"00000000-0000-11b9-ffff-ffff00009143","text":"Palembang","value":["P","a","l","e","m","b","a","n","g"]}[39m
[35m[HTTP][39m [37m<-- POST /wd/hub/session/b55f0371-38e1-4f2a-8514-356882bd426e/element/00000000-0000-11b9-ffff-ffff00009143/value [39m[32m200[39m [90m1031 ms - 14[39m
[35m[HTTP][39m [90m[39m
[35m[HTTP][39m [37m-->[39m [37mPOST[39m [37m/wd/hub/session/b55f0371-38e1-4f2a-8514-356882bd426e/timeouts[39m
[35m[HTTP][39m [90m{"implicit":50}[39m
[35m[HTTP][39m [37m<-- POST /wd/hub/session/b55f0371-38e1-4f2a-8514-356882bd426e/timeouts [39m[32m200[39m [90m1 ms - 14[39m
[35m[HTTP][39m [90m[39m
[35m[HTTP][39m [37m-->[39m [37mGET[39m [37m/wd/hub/session/b55f0371-38e1-4f2a-8514-356882bd426e/window/rect[39m
[35m[HTTP][39m [90m{}[39m
[35m[HTTP][39m [37m<-- GET /wd/hub/session/b55f0371-38e1-4f2a-8514-356882bd426e/window/rect [39m[32m200[39m [90m10 ms - 50[39m
[35m[HTTP][39m [90m[39m
[35m[HTTP][39m [37m-->[39m [37mPOST[39m [37m/wd/hub/session/b55f0371-38e1-4f2a-8514-356882bd426e/elements[39m
[35m[HTTP][39m [90m{"using":"xpath","value":"//*[@class = 'android.view.ViewGroup' and @index = '1' and (@text = '' or . = '')]"}[39m
[35m[HTTP][39m [37m<-- POST /wd/hub/session/b55f0371-38e1-4f2a-8514-356882bd426e/elements [39m[32m200[39m [90m881 ms - 139[39m
[35m[HTTP][39m [90m[39m
[35m[HTTP][39m [37m-->[39m [37mGET[39m [37m/wd/hub/session/b55f0371-38e1-4f2a-8514-356882bd426e/element/00000000-0000-11b9-ffff-ffff0000917b/location[39m
[35m[HTTP][39m [90m{}[39m
[35m[W3C (b55f0371)][39m Driver proxy active, passing request on via HTTP proxy
[35m[WD Proxy][39m Replacing sessionId a38c7b68-84a5-4dd4-b63c-bdd6a9e7a72d with b55f0371-38e1-4f2a-8514-356882bd426e
[35m[HTTP][39m [37m<-- GET /wd/hub/session/b55f0371-38e1-4f2a-8514-356882bd426e/element/00000000-0000-11b9-ffff-ffff0000917b/location [39m[32m200[39m [90m38 ms - 76[39m
[35m[HTTP][39m [90m[39m
[35m[HTTP][39m [37m-->[39m [37mPOST[39m [37m/wd/hub/session/b55f0371-38e1-4f2a-8514-356882bd426e/timeouts[39m
[35m[HTTP][39m [90m{"implicit":30000}[39m
[35m[HTTP][39m [37m<-- POST /wd/hub/session/b55f0371-38e1-4f2a-8514-356882bd426e/timeouts [39m[32m200[39m [90m1 ms - 14[39m
[35m[HTTP][39m [90m[39m
[35m[HTTP][39m [37m-->[39m [37mPOST[39m [37m/wd/hub/session/b55f0371-38e1-4f2a-8514-356882bd426e/timeouts[39m
[35m[HTTP][39m [90m{"implicit":50}[39m
[35m[HTTP][39m [37m<-- POST /wd/hub/session/b55f0371-38e1-4f2a-8514-356882bd426e/timeouts [39m[32m200[39m [90m1 ms - 14[39m
[35m[HTTP][39m [90m[39m
[35m[HTTP][39m [37m-->[39m [37mGET[39m [37m/wd/hub/session/b55f0371-38e1-4f2a-8514-356882bd426e/window/rect[39m
[35m[HTTP][39m [90m{}[39m
[35m[HTTP][39m [37m<-- GET /wd/hub/session/b55f0371-38e1-4f2a-8514-356882bd426e/window/rect [39m[32m200[39m [90m30 ms - 50[39m
[35m[HTTP][39m [90m[39m
[35m[HTTP][39m [37m-->[39m [37mPOST[39m [37m/wd/hub/session/b55f0371-38e1-4f2a-8514-356882bd426e/elements[39m
[35m[HTTP][39m [90m{"using":"xpath","value":"//*[@class = 'android.view.ViewGroup' and @index = '1' and (@text = '' or . = '')]"}[39m
[35m[HTTP][39m [37m<-- POST /wd/hub/session/b55f0371-38e1-4f2a-8514-356882bd426e/elements [39m[32m200[39m [90m126 ms - 139[39m
[35m[HTTP][39m [90m[39m
[35m[HTTP][39m [37m-->[39m [37mGET[39m [37m/wd/hub/session/b55f0371-38e1-4f2a-8514-356882bd426e/element/00000000-0000-11b9-ffff-ffff0000917b/location[39m
[35m[HTTP][39m [90m{}[39m
[35m[W3C (b55f0371)][39m Driver proxy active, passing request on via HTTP proxy
[35m[WD Proxy][39m Replacing sessionId a38c7b68-84a5-4dd4-b63c-bdd6a9e7a72d with b55f0371-38e1-4f2a-8514-356882bd426e
[35m[HTTP][39m [37m<-- GET /wd/hub/session/b55f0371-38e1-4f2a-8514-356882bd426e/element/00000000-0000-11b9-ffff-ffff0000917b/location [39m[32m200[39m [90m25 ms - 76[39m
[35m[HTTP][39m [90m[39m
[35m[HTTP][39m [37m-->[39m [37mPOST[39m [37m/wd/hub/session/b55f0371-38e1-4f2a-8514-356882bd426e/timeouts[39m
[35m[HTTP][39m [90m{"implicit":30000}[39m
[35m[HTTP][39m [37m<-- POST /wd/hub/session/b55f0371-38e1-4f2a-8514-356882bd426e/timeouts [39m[32m200[39m [90m1 ms - 14[39m
[35m[HTTP][39m [90m[39m
[35m[HTTP][39m [37m-->[39m [37mPOST[39m [37m/wd/hub/session/b55f0371-38e1-4f2a-8514-356882bd426e/touch/perform[39m
[35m[HTTP][39m [90m{"actions":[{"action":"tap","options":{"x":1,"y":1,"element":"00000000-0000-11b9-ffff-ffff0000917b"}},{"action":"release","options":{}}]}[39m
[35m[UiAutomator2][39m calling get location: 00000000-0000-11b9-ffff-ffff0000917b
[35m[HTTP][39m [37m<-- POST /wd/hub/session/b55f0371-38e1-4f2a-8514-356882bd426e/touch/perform [39m[32m200[39m [90m209 ms - 14[39m
[35m[HTTP][39m [90m[39m
[35m[HTTP][39m [37m-->[39m [37mPOST[39m [37m/wd/hub/session/b55f0371-38e1-4f2a-8514-356882bd426e/timeouts[39m
[35m[HTTP][39m [90m{"implicit":50}[39m
[35m[HTTP][39m [37m<-- POST /wd/hub/session/b55f0371-38e1-4f2a-8514-356882bd426e/timeouts [39m[32m200[39m [90m1 ms - 14[39m
[35m[HTTP][39m [90m[39m
[35m[HTTP][39m [37m-->[39m [37mGET[39m [37m/wd/hub/session/b55f0371-38e1-4f2a-8514-356882bd426e/window/rect[39m
[35m[HTTP][39m [90m{}[39m
[35m[HTTP][39m [37m<-- GET /wd/hub/session/b55f0371-38e1-4f2a-8514-356882bd426e/window/rect [39m[32m200[39m [90m22 ms - 50[39m
[35m[HTTP][39m [90m[39m
[35m[HTTP][39m [37m-->[39m [37mPOST[39m [37m/wd/hub/session/b55f0371-38e1-4f2a-8514-356882bd426e/elements[39m
[35m[HTTP][39m [90m{"using":"xpath","value":"//*[@class = 'android.widget.EditText' and @resource-id = 'com.traveloka.android:id/edit_text_field' and @bounds = '[74,688][1006,793]']"}[39m
[35m[HTTP][39m [37m<-- POST /wd/hub/session/b55f0371-38e1-4f2a-8514-356882bd426e/elements [39m[32m200[39m [90m1077 ms - 139[39m
[35m[HTTP][39m [90m[39m
[35m[HTTP][39m [37m-->[39m [37mGET[39m [37m/wd/hub/session/b55f0371-38e1-4f2a-8514-356882bd426e/element/00000000-0000-11af-ffff-ffff0000727c/location[39m
[35m[HTTP][39m [90m{}[39m
[35m[W3C (b55f0371)][39m Driver proxy active, passing request on via HTTP proxy
[35m[WD Proxy][39m Replacing sessionId a38c7b68-84a5-4dd4-b63c-bdd6a9e7a72d with b55f0371-38e1-4f2a-8514-356882bd426e
[35m[HTTP][39m [37m<-- GET /wd/hub/session/b55f0371-38e1-4f2a-8514-356882bd426e/element/00000000-0000-11af-ffff-ffff0000727c/location [39m[32m200[39m [90m26 ms - 77[39m
[35m[HTTP][39m [90m[39m
[35m[HTTP][39m [37m-->[39m [37mPOST[39m [37m/wd/hub/session/b55f0371-38e1-4f2a-8514-356882bd426e/timeouts[39m
[35m[HTTP][39m [90m{"implicit":30000}[39m
[35m[HTTP][39m [37m<-- POST /wd/hub/session/b55f0371-38e1-4f2a-8514-356882bd426e/timeouts [39m[32m200[39m [90m1 ms - 14[39m
[35m[HTTP][39m [90m[39m
[35m[HTTP][39m [37m-->[39m [37mPOST[39m [37m/wd/hub/session/b55f0371-38e1-4f2a-8514-356882bd426e/touch/perform[39m
[35m[HTTP][39m [90m{"actions":[{"action":"tap","options":{"x":1,"y":1,"element":"00000000-0000-11af-ffff-ffff0000727c"}},{"action":"release","options":{}}]}[39m
[35m[UiAutomator2][39m calling get location: 00000000-0000-11af-ffff-ffff0000727c
[35m[HTTP][39m [37m<-- POST /wd/hub/session/b55f0371-38e1-4f2a-8514-356882bd426e/touch/perform [39m[32m200[39m [90m239 ms - 14[39m
[35m[HTTP][39m [90m[39m
[35m[HTTP][39m [37m-->[39m [37mPOST[39m [37m/wd/hub/session/b55f0371-38e1-4f2a-8514-356882bd426e/timeouts[39m
[35m[HTTP][39m [90m{"implicit":50}[39m
[35m[HTTP][39m [37m<-- POST /wd/hub/session/b55f0371-38e1-4f2a-8514-356882bd426e/timeouts [39m[32m200[39m [90m1 ms - 14[39m
[35m[HTTP][39m [90m[39m
[35m[HTTP][39m [37m-->[39m [37mGET[39m [37m/wd/hub/session/b55f0371-38e1-4f2a-8514-356882bd426e/window/rect[39m
[35m[HTTP][39m [90m{}[39m
[35m[HTTP][39m [37m<-- GET /wd/hub/session/b55f0371-38e1-4f2a-8514-356882bd426e/window/rect [39m[32m200[39m [90m21 ms - 50[39m
[35m[HTTP][39m [90m[39m
[35m[HTTP][39m [37m-->[39m [37mPOST[39m [37m/wd/hub/session/b55f0371-38e1-4f2a-8514-356882bd426e/elements[39m
[35m[HTTP][39m [90m{"using":"xpath","value":"//*[@class = 'android.widget.EditText' and (@text = 'Search city or airport' or . = 'Search city or airport') and @resource-id = 'com.traveloka.android:id/edit_text_field']"}[39m
[35m[HTTP][39m [37m<-- POST /wd/hub/session/b55f0371-38e1-4f2a-8514-356882bd426e/elements [39m[32m200[39m [90m839 ms - 139[39m
[35m[HTTP][39m [90m[39m
[35m[HTTP][39m [37m-->[39m [37mGET[39m [37m/wd/hub/session/b55f0371-38e1-4f2a-8514-356882bd426e/element/00000000-0000-11ba-ffff-ffff00009190/location[39m
[35m[HTTP][39m [90m{}[39m
[35m[W3C (b55f0371)][39m Driver proxy active, passing request on via HTTP proxy
[35m[WD Proxy][39m Replacing sessionId a38c7b68-84a5-4dd4-b63c-bdd6a9e7a72d with b55f0371-38e1-4f2a-8514-356882bd426e
[35m[HTTP][39m [37m<-- GET /wd/hub/session/b55f0371-38e1-4f2a-8514-356882bd426e/element/00000000-0000-11ba-ffff-ffff00009190/location [39m[32m200[39m [90m49 ms - 77[39m
[35m[HTTP][39m [90m[39m
[35m[HTTP][39m [37m-->[39m [37mPOST[39m [37m/wd/hub/session/b55f0371-38e1-4f2a-8514-356882bd426e/timeouts[39m
[35m[HTTP][39m [90m{"implicit":30000}[39m
[35m[HTTP][39m [37m<-- POST /wd/hub/session/b55f0371-38e1-4f2a-8514-356882bd426e/timeouts [39m[32m200[39m [90m3 ms - 14[39m
[35m[HTTP][39m [90m[39m
[35m[HTTP][39m [37m-->[39m [37mPOST[39m [37m/wd/hub/session/b55f0371-38e1-4f2a-8514-356882bd426e/timeouts[39m
[35m[HTTP][39m [90m{"implicit":50}[39m
[35m[HTTP][39m [37m<-- POST /wd/hub/session/b55f0371-38e1-4f2a-8514-356882bd426e/timeouts [39m[32m200[39m [90m1 ms - 14[39m
[35m[HTTP][39m [90m[39m
[35m[HTTP][39m [37m-->[39m [37mGET[39m [37m/wd/hub/session/b55f0371-38e1-4f2a-8514-356882bd426e/window/rect[39m
[35m[HTTP][39m [90m{}[39m
[35m[HTTP][39m [37m<-- GET /wd/hub/session/b55f0371-38e1-4f2a-8514-356882bd426e/window/rect [39m[32m200[39m [90m34 ms - 50[39m
[35m[HTTP][39m [90m[39m
[35m[HTTP][39m [37m-->[39m [37mPOST[39m [37m/wd/hub/session/b55f0371-38e1-4f2a-8514-356882bd426e/elements[39m
[35m[HTTP][39m [90m{"using":"xpath","value":"//*[@class = 'android.widget.EditText' and (@text = 'Search city or airport' or . = 'Search city or airport') and @resource-id = 'com.traveloka.android:id/edit_text_field']"}[39m
[35m[HTTP][39m [37m<-- POST /wd/hub/session/b55f0371-38e1-4f2a-8514-356882bd426e/elements [39m[32m200[39m [90m188 ms - 139[39m
[35m[HTTP][39m [90m[39m
[35m[HTTP][39m [37m-->[39m [37mGET[39m [37m/wd/hub/session/b55f0371-38e1-4f2a-8514-356882bd426e/element/00000000-0000-11ba-ffff-ffff00009190/location[39m
[35m[HTTP][39m [90m{}[39m
[35m[W3C (b55f0371)][39m Driver proxy active, passing request on via HTTP proxy
[35m[WD Proxy][39m Replacing sessionId a38c7b68-84a5-4dd4-b63c-bdd6a9e7a72d with b55f0371-38e1-4f2a-8514-356882bd426e
[35m[HTTP][39m [37m<-- GET /wd/hub/session/b55f0371-38e1-4f2a-8514-356882bd426e/element/00000000-0000-11ba-ffff-ffff00009190/location [39m[32m200[39m [90m28 ms - 77[39m
[35m[HTTP][39m [90m[39m
[35m[HTTP][39m [37m-->[39m [37mPOST[39m [37m/wd/hub/session/b55f0371-38e1-4f2a-8514-356882bd426e/timeouts[39m
[35m[HTTP][39m [90m{"implicit":30000}[39m
[35m[HTTP][39m [37m<-- POST /wd/hub/session/b55f0371-38e1-4f2a-8514-356882bd426e/timeouts [39m[32m200[39m [90m3 ms - 14[39m
[35m[HTTP][39m [90m[39m
[35m[HTTP][39m [37m-->[39m [37mPOST[39m [37m/wd/hub/session/b55f0371-38e1-4f2a-8514-356882bd426e/touch/perform[39m
[35m[HTTP][39m [90m{"actions":[{"action":"tap","options":{"x":1,"y":1,"element":"00000000-0000-11ba-ffff-ffff00009190"}},{"action":"release","options":{}}]}[39m
[35m[UiAutomator2][39m calling get location: 00000000-0000-11ba-ffff-ffff00009190
[35m[HTTP][39m [37m<-- POST /wd/hub/session/b55f0371-38e1-4f2a-8514-356882bd426e/touch/perform [39m[32m200[39m [90m230 ms - 14[39m
[35m[HTTP][39m [90m[39m
[35m[HTTP][39m [37m-->[39m [37mPOST[39m [37m/wd/hub/session/b55f0371-38e1-4f2a-8514-356882bd426e/timeouts[39m
[35m[HTTP][39m [90m{"implicit":50}[39m
[35m[HTTP][39m [37m<-- POST /wd/hub/session/b55f0371-38e1-4f2a-8514-356882bd426e/timeouts [39m[32m200[39m [90m2 ms - 14[39m
[35m[HTTP][39m [90m[39m
[35m[HTTP][39m [37m-->[39m [37mGET[39m [37m/wd/hub/session/b55f0371-38e1-4f2a-8514-356882bd426e/window/rect[39m
[35m[HTTP][39m [90m{}[39m
[35m[HTTP][39m [37m<-- GET /wd/hub/session/b55f0371-38e1-4f2a-8514-356882bd426e/window/rect [39m[32m200[39m [90m20 ms - 50[39m
[35m[HTTP][39m [90m[39m
[35m[HTTP][39m [37m-->[39m [37mPOST[39m [37m/wd/hub/session/b55f0371-38e1-4f2a-8514-356882bd426e/elements[39m
[35m[HTTP][39m [90m{"using":"xpath","value":"//*[@class = 'android.widget.EditText' and (@text = 'Search city or airport' or . = 'Search city or airport') and @resource-id = 'com.traveloka.android:id/edit_text_field']"}[39m
[35m[HTTP][39m [37m<-- POST /wd/hub/session/b55f0371-38e1-4f2a-8514-356882bd426e/elements [39m[32m200[39m [90m779 ms - 139[39m
[35m[HTTP][39m [90m[39m
[35m[HTTP][39m [37m-->[39m [37mGET[39m [37m/wd/hub/session/b55f0371-38e1-4f2a-8514-356882bd426e/element/00000000-0000-11ba-ffff-ffff00009190/location[39m
[35m[HTTP][39m [90m{}[39m
[35m[W3C (b55f0371)][39m Driver proxy active, passing request on via HTTP proxy
[35m[WD Proxy][39m Replacing sessionId a38c7b68-84a5-4dd4-b63c-bdd6a9e7a72d with b55f0371-38e1-4f2a-8514-356882bd426e
[35m[HTTP][39m [37m<-- GET /wd/hub/session/b55f0371-38e1-4f2a-8514-356882bd426e/element/00000000-0000-11ba-ffff-ffff00009190/location [39m[32m200[39m [90m30 ms - 77[39m
[35m[HTTP][39m [90m[39m
[35m[HTTP][39m [37m-->[39m [37mPOST[39m [37m/wd/hub/session/b55f0371-38e1-4f2a-8514-356882bd426e/timeouts[39m
[35m[HTTP][39m [90m{"implicit":30000}[39m
[35m[HTTP][39m [37m<-- POST /wd/hub/session/b55f0371-38e1-4f2a-8514-356882bd426e/timeouts [39m[32m200[39m [90m3 ms - 14[39m
[35m[HTTP][39m [90m[39m
[35m[HTTP][39m [37m-->[39m [37mPOST[39m [37m/wd/hub/session/b55f0371-38e1-4f2a-8514-356882bd426e/element/00000000-0000-11ba-ffff-ffff00009190/value[39m
[35m[HTTP][39m [90m{"id":"00000000-0000-11ba-ffff-ffff00009190","text":"Lampung","value":["L","a","m","p","u","n","g"]}[39m
[35m[HTTP][39m [37m<-- POST /wd/hub/session/b55f0371-38e1-4f2a-8514-356882bd426e/element/00000000-0000-11ba-ffff-ffff00009190/value [39m[32m200[39m [90m1043 ms - 14[39m
[35m[HTTP][39m [90m[39m
[35m[HTTP][39m [37m-->[39m [37mPOST[39m [37m/wd/hub/session/b55f0371-38e1-4f2a-8514-356882bd426e/timeouts[39m
[35m[HTTP][39m [90m{"implicit":50}[39m
[35m[HTTP][39m [37m<-- POST /wd/hub/session/b55f0371-38e1-4f2a-8514-356882bd426e/timeouts [39m[32m200[39m [90m1 ms - 14[39m
[35m[HTTP][39m [90m[39m
[35m[HTTP][39m [37m-->[39m [37mGET[39m [37m/wd/hub/session/b55f0371-38e1-4f2a-8514-356882bd426e/window/rect[39m
[35m[HTTP][39m [90m{}[39m
[35m[HTTP][39m [37m<-- GET /wd/hub/session/b55f0371-38e1-4f2a-8514-356882bd426e/window/rect [39m[32m200[39m [90m11 ms - 50[39m
[35m[HTTP][39m [90m[39m
[35m[HTTP][39m [37m-->[39m [37mPOST[39m [37m/wd/hub/session/b55f0371-38e1-4f2a-8514-356882bd426e/elements[39m
[35m[HTTP][39m [90m{"using":"xpath","value":"//*[@class = 'android.view.ViewGroup' and @index = '1' and (@text = '' or . = '')]"}[39m
[35m[HTTP][39m [37m<-- POST /wd/hub/session/b55f0371-38e1-4f2a-8514-356882bd426e/elements [39m[32m200[39m [90m922 ms - 139[39m
[35m[HTTP][39m [90m[39m
[35m[HTTP][39m [37m-->[39m [37mGET[39m [37m/wd/hub/session/b55f0371-38e1-4f2a-8514-356882bd426e/element/00000000-0000-11ba-ffff-ffff000091c8/location[39m
[35m[HTTP][39m [90m{}[39m
[35m[W3C (b55f0371)][39m Driver proxy active, passing request on via HTTP proxy
[35m[WD Proxy][39m Replacing sessionId a38c7b68-84a5-4dd4-b63c-bdd6a9e7a72d with b55f0371-38e1-4f2a-8514-356882bd426e
[35m[HTTP][39m [37m<-- GET /wd/hub/session/b55f0371-38e1-4f2a-8514-356882bd426e/element/00000000-0000-11ba-ffff-ffff000091c8/location [39m[32m200[39m [90m32 ms - 76[39m
[35m[HTTP][39m [90m[39m
[35m[HTTP][39m [37m-->[39m [37mPOST[39m [37m/wd/hub/session/b55f0371-38e1-4f2a-8514-356882bd426e/timeouts[39m
[35m[HTTP][39m [90m{"implicit":30000}[39m
[35m[HTTP][39m [37m<-- POST /wd/hub/session/b55f0371-38e1-4f2a-8514-356882bd426e/timeouts [39m[32m200[39m [90m1 ms - 14[39m
[35m[HTTP][39m [90m[39m
[35m[HTTP][39m [37m-->[39m [37mPOST[39m [37m/wd/hub/session/b55f0371-38e1-4f2a-8514-356882bd426e/timeouts[39m
[35m[HTTP][39m [90m{"implicit":50}[39m
[35m[HTTP][39m [37m<-- POST /wd/hub/session/b55f0371-38e1-4f2a-8514-356882bd426e/timeouts [39m[32m200[39m [90m1 ms - 14[39m
[35m[HTTP][39m [90m[39m
[35m[HTTP][39m [37m-->[39m [37mGET[39m [37m/wd/hub/session/b55f0371-38e1-4f2a-8514-356882bd426e/window/rect[39m
[35m[HTTP][39m [90m{}[39m
[35m[HTTP][39m [37m<-- GET /wd/hub/session/b55f0371-38e1-4f2a-8514-356882bd426e/window/rect [39m[32m200[39m [90m31 ms - 50[39m
[35m[HTTP][39m [90m[39m
[35m[HTTP][39m [37m-->[39m [37mPOST[39m [37m/wd/hub/session/b55f0371-38e1-4f2a-8514-356882bd426e/elements[39m
[35m[HTTP][39m [90m{"using":"xpath","value":"//*[@class = 'android.view.ViewGroup' and @index = '1' and (@text = '' or . = '')]"}[39m
[35m[HTTP][39m [37m<-- POST /wd/hub/session/b55f0371-38e1-4f2a-8514-356882bd426e/elements [39m[32m200[39m [90m89 ms - 139[39m
[35m[HTTP][39m [90m[39m
[35m[HTTP][39m [37m-->[39m [37mGET[39m [37m/wd/hub/session/b55f0371-38e1-4f2a-8514-356882bd426e/element/00000000-0000-11ba-ffff-ffff000091c8/location[39m
[35m[HTTP][39m [90m{}[39m
[35m[W3C (b55f0371)][39m Driver proxy active, passing request on via HTTP proxy
[35m[WD Proxy][39m Replacing sessionId a38c7b68-84a5-4dd4-b63c-bdd6a9e7a72d with b55f0371-38e1-4f2a-8514-356882bd426e
[35m[HTTP][39m [37m<-- GET /wd/hub/session/b55f0371-38e1-4f2a-8514-356882bd426e/element/00000000-0000-11ba-ffff-ffff000091c8/location [39m[32m200[39m [90m25 ms - 76[39m
[35m[HTTP][39m [90m[39m
[35m[HTTP][39m [37m-->[39m [37mPOST[39m [37m/wd/hub/session/b55f0371-38e1-4f2a-8514-356882bd426e/timeouts[39m
[35m[HTTP][39m [90m{"implicit":30000}[39m
[35m[HTTP][39m [37m<-- POST /wd/hub/session/b55f0371-38e1-4f2a-8514-356882bd426e/timeouts [39m[32m200[39m [90m1 ms - 14[39m
[35m[HTTP][39m [90m[39m
[35m[HTTP][39m [37m-->[39m [37mPOST[39m [37m/wd/hub/session/b55f0371-38e1-4f2a-8514-356882bd426e/touch/perform[39m
[35m[HTTP][39m [90m{"actions":[{"action":"tap","options":{"x":1,"y":1,"element":"00000000-0000-11ba-ffff-ffff000091c8"}},{"action":"release","options":{}}]}[39m
[35m[UiAutomator2][39m calling get location: 00000000-0000-11ba-ffff-ffff000091c8
[35m[HTTP][39m [37m<-- POST /wd/hub/session/b55f0371-38e1-4f2a-8514-356882bd426e/touch/perform [39m[32m200[39m [90m221 ms - 14[39m
[35m[HTTP][39m [90m[39m
[35m[HTTP][39m [37m-->[39m [37mPOST[39m [37m/wd/hub/session/b55f0371-38e1-4f2a-8514-356882bd426e/timeouts[39m
[35m[HTTP][39m [90m{"implicit":50}[39m
[35m[HTTP][39m [37m<-- POST /wd/hub/session/b55f0371-38e1-4f2a-8514-356882bd426e/timeouts [39m[32m200[39m [90m1 ms - 14[39m
[35m[HTTP][39m [90m[39m
[35m[HTTP][39m [37m-->[39m [37mGET[39m [37m/wd/hub/session/b55f0371-38e1-4f2a-8514-356882bd426e/window/rect[39m
[35m[HTTP][39m [90m{}[39m
[35m[HTTP][39m [37m<-- GET /wd/hub/session/b55f0371-38e1-4f2a-8514-356882bd426e/window/rect [39m[32m200[39m [90m15 ms - 50[39m
[35m[HTTP][39m [90m[39m
[35m[HTTP][39m [37m-->[39m [37mPOST[39m [37m/wd/hub/session/b55f0371-38e1-4f2a-8514-356882bd426e/elements[39m
[35m[HTTP][39m [90m{"using":"xpath","value":"//*[@class = 'android.widget.EditText' and @resource-id = 'com.traveloka.android:id/edit_text_field' and @bounds = '[74,898][1006,1003]']"}[39m
[35m[HTTP][39m [37m<-- POST /wd/hub/session/b55f0371-38e1-4f2a-8514-356882bd426e/elements [39m[32m200[39m [90m1054 ms - 139[39m
[35m[HTTP][39m [90m[39m
[35m[HTTP][39m [37m-->[39m [37mGET[39m [37m/wd/hub/session/b55f0371-38e1-4f2a-8514-356882bd426e/element/00000000-0000-11af-ffff-ffff0000727d/location[39m
[35m[HTTP][39m [90m{}[39m
[35m[W3C (b55f0371)][39m Driver proxy active, passing request on via HTTP proxy
[35m[WD Proxy][39m Replacing sessionId a38c7b68-84a5-4dd4-b63c-bdd6a9e7a72d with b55f0371-38e1-4f2a-8514-356882bd426e
[35m[HTTP][39m [37m<-- GET /wd/hub/session/b55f0371-38e1-4f2a-8514-356882bd426e/element/00000000-0000-11af-ffff-ffff0000727d/location [39m[32m200[39m [90m36 ms - 77[39m
[35m[HTTP][39m [90m[39m
[35m[HTTP][39m [37m-->[39m [37mPOST[39m [37m/wd/hub/session/b55f0371-38e1-4f2a-8514-356882bd426e/timeouts[39m
[35m[HTTP][39m [90m{"implicit":30000}[39m
[35m[HTTP][39m [37m<-- POST /wd/hub/session/b55f0371-38e1-4f2a-8514-356882bd426e/timeouts [39m[32m200[39m [90m1 ms - 14[39m
[35m[HTTP][39m [90m[39m
[35m[HTTP][39m [37m-->[39m [37mPOST[39m [37m/wd/hub/session/b55f0371-38e1-4f2a-8514-356882bd426e/touch/perform[39m
[35m[HTTP][39m [90m{"actions":[{"action":"tap","options":{"x":1,"y":1,"element":"00000000-0000-11af-ffff-ffff0000727d"}},{"action":"release","options":{}}]}[39m
[35m[UiAutomator2][39m calling get location: 00000000-0000-11af-ffff-ffff0000727d
[35m[HTTP][39m [37m<-- POST /wd/hub/session/b55f0371-38e1-4f2a-8514-356882bd426e/touch/perform [39m[32m200[39m [90m241 ms - 14[39m
[35m[HTTP][39m [90m[39m
[35m[HTTP][39m [37m-->[39m [37mPOST[39m [37m/wd/hub/session/b55f0371-38e1-4f2a-8514-356882bd426e/timeouts[39m
[35m[HTTP][39m [90m{"implicit":50}[39m
[35m[HTTP][39m [37m<-- POST /wd/hub/session/b55f0371-38e1-4f2a-8514-356882bd426e/timeouts [39m[32m200[39m [90m1 ms - 14[39m
[35m[HTTP][39m [90m[39m
[35m[HTTP][39m [37m-->[39m [37mGET[39m [37m/wd/hub/session/b55f0371-38e1-4f2a-8514-356882bd426e/window/rect[39m
[35m[HTTP][39m [90m{}[39m
[35m[HTTP][39m [37m<-- GET /wd/hub/session/b55f0371-38e1-4f2a-8514-356882bd426e/window/rect [39m[32m200[39m [90m16 ms - 50[39m
[35m[HTTP][39m [90m[39m
[35m[HTTP][39m [37m-->[39m [37mPOST[39m [37m/wd/hub/session/b55f0371-38e1-4f2a-8514-356882bd426e/elements[39m
[35m[HTTP][39m [90m{"using":"xpath","value":"//*[@class = 'android.view.View' and @resource-id = 'com.traveloka.android:id/calendar_date_text' and @content-desc = '13']"}[39m
[35m[HTTP][39m [37m<-- POST /wd/hub/session/b55f0371-38e1-4f2a-8514-356882bd426e/elements [39m[32m200[39m [90m2529 ms - 267[39m
[35m[HTTP][39m [90m[39m
[35m[HTTP][39m [37m-->[39m [37mGET[39m [37m/wd/hub/session/b55f0371-38e1-4f2a-8514-356882bd426e/element/00000000-0000-11bb-ffff-ffff0000954b/location[39m
[35m[HTTP][39m [90m{}[39m
[35m[W3C (b55f0371)][39m Driver proxy active, passing request on via HTTP proxy
[35m[WD Proxy][39m Replacing sessionId a38c7b68-84a5-4dd4-b63c-bdd6a9e7a72d with b55f0371-38e1-4f2a-8514-356882bd426e
[35m[HTTP][39m [37m<-- GET /wd/hub/session/b55f0371-38e1-4f2a-8514-356882bd426e/element/00000000-0000-11bb-ffff-ffff0000954b/location [39m[32m200[39m [90m34 ms - 78[39m
[35m[HTTP][39m [90m[39m
[35m[HTTP][39m [37m-->[39m [37mPOST[39m [37m/wd/hub/session/b55f0371-38e1-4f2a-8514-356882bd426e/timeouts[39m
[35m[HTTP][39m [90m{"implicit":30000}[39m
[35m[HTTP][39m [37m<-- POST /wd/hub/session/b55f0371-38e1-4f2a-8514-356882bd426e/timeouts [39m[32m200[39m [90m1 ms - 14[39m
[35m[HTTP][39m [90m[39m
[35m[HTTP][39m [37m-->[39m [37mPOST[39m [37m/wd/hub/session/b55f0371-38e1-4f2a-8514-356882bd426e/timeouts[39m
[35m[HTTP][39m [90m{"implicit":50}[39m
[35m[HTTP][39m [37m<-- POST /wd/hub/session/b55f0371-38e1-4f2a-8514-356882bd426e/timeouts [39m[32m200[39m [90m1 ms - 14[39m
[35m[HTTP][39m [90m[39m
[35m[HTTP][39m [37m-->[39m [37mGET[39m [37m/wd/hub/session/b55f0371-38e1-4f2a-8514-356882bd426e/window/rect[39m
[35m[HTTP][39m [90m{}[39m
[35m[HTTP][39m [37m<-- GET /wd/hub/session/b55f0371-38e1-4f2a-8514-356882bd426e/window/rect [39m[32m200[39m [90m17 ms - 50[39m
[35m[HTTP][39m [90m[39m
[35m[HTTP][39m [37m-->[39m [37mPOST[39m [37m/wd/hub/session/b55f0371-38e1-4f2a-8514-356882bd426e/elements[39m
[35m[HTTP][39m [90m{"using":"xpath","value":"//*[@class = 'android.view.View' and @resource-id = 'com.traveloka.android:id/calendar_date_text' and @content-desc = '13']"}[39m
[35m[HTTP][39m [37m<-- POST /wd/hub/session/b55f0371-38e1-4f2a-8514-356882bd426e/elements [39m[32m200[39m [90m1197 ms - 267[39m
[35m[HTTP][39m [90m[39m
[35m[HTTP][39m [37m-->[39m [37mGET[39m [37m/wd/hub/session/b55f0371-38e1-4f2a-8514-356882bd426e/element/00000000-0000-11bb-ffff-ffff0000954b/location[39m
[35m[HTTP][39m [90m{}[39m
[35m[W3C (b55f0371)][39m Driver proxy active, passing request on via HTTP proxy
[35m[WD Proxy][39m Replacing sessionId a38c7b68-84a5-4dd4-b63c-bdd6a9e7a72d with b55f0371-38e1-4f2a-8514-356882bd426e
[35m[HTTP][39m [37m<-- GET /wd/hub/session/b55f0371-38e1-4f2a-8514-356882bd426e/element/00000000-0000-11bb-ffff-ffff0000954b/location [39m[32m200[39m [90m25 ms - 78[39m
[35m[HTTP][39m [90m[39m
[35m[HTTP][39m [37m-->[39m [37mPOST[39m [37m/wd/hub/session/b55f0371-38e1-4f2a-8514-356882bd426e/timeouts[39m
[35m[HTTP][39m [90m{"implicit":30000}[39m
[35m[HTTP][39m [37m<-- POST /wd/hub/session/b55f0371-38e1-4f2a-8514-356882bd426e/timeouts [39m[32m200[39m [90m1 ms - 14[39m
[35m[HTTP][39m [90m[39m
[35m[HTTP][39m [37m-->[39m [37mPOST[39m [37m/wd/hub/session/b55f0371-38e1-4f2a-8514-356882bd426e/touch/perform[39m
[35m[HTTP][39m [90m{"actions":[{"action":"tap","options":{"x":1,"y":1,"element":"00000000-0000-11bb-ffff-ffff0000954b"}},{"action":"release","options":{}}]}[39m
[35m[UiAutomator2][39m calling get location: 00000000-0000-11bb-ffff-ffff0000954b
[35m[HTTP][39m [37m<-- POST /wd/hub/session/b55f0371-38e1-4f2a-8514-356882bd426e/touch/perform [39m[32m200[39m [90m226 ms - 14[39m
[35m[HTTP][39m [90m[39m
[35m[HTTP][39m [37m-->[39m [37mPOST[39m [37m/wd/hub/session/b55f0371-38e1-4f2a-8514-356882bd426e/timeouts[39m
[35m[HTTP][39m [90m{"implicit":50}[39m
[35m[HTTP][39m [37m<-- POST /wd/hub/session/b55f0371-38e1-4f2a-8514-356882bd426e/timeouts [39m[32m200[39m [90m1 ms - 14[39m
[35m[HTTP][39m [90m[39m
[35m[HTTP][39m [37m-->[39m [37mGET[39m [37m/wd/hub/session/b55f0371-38e1-4f2a-8514-356882bd426e/window/rect[39m
[35m[HTTP][39m [90m{}[39m
[35m[HTTP][39m [37m<-- GET /wd/hub/session/b55f0371-38e1-4f2a-8514-356882bd426e/window/rect [39m[32m200[39m [90m27 ms - 50[39m
[35m[HTTP][39m [90m[39m
[35m[HTTP][39m [37m-->[39m [37mPOST[39m [37m/wd/hub/session/b55f0371-38e1-4f2a-8514-356882bd426e/elements[39m
[35m[HTTP][39m [90m{"using":"xpath","value":"//*[@class = 'android.widget.EditText' and @resource-id = 'com.traveloka.android:id/edit_text_field' and @bounds = '[74,1108][519,1213]']"}[39m
[35m[HTTP][39m [37m<-- POST /wd/hub/session/b55f0371-38e1-4f2a-8514-356882bd426e/elements [39m[32m200[39m [90m1017 ms - 139[39m
[35m[HTTP][39m [90m[39m
[35m[HTTP][39m [37m-->[39m [37mGET[39m [37m/wd/hub/session/b55f0371-38e1-4f2a-8514-356882bd426e/element/00000000-0000-11af-ffff-ffff000072a5/location[39m
[35m[HTTP][39m [90m{}[39m
[35m[W3C (b55f0371)][39m Driver proxy active, passing request on via HTTP proxy
[35m[WD Proxy][39m Replacing sessionId a38c7b68-84a5-4dd4-b63c-bdd6a9e7a72d with b55f0371-38e1-4f2a-8514-356882bd426e
[35m[HTTP][39m [37m<-- GET /wd/hub/session/b55f0371-38e1-4f2a-8514-356882bd426e/element/00000000-0000-11af-ffff-ffff000072a5/location [39m[32m200[39m [90m35 ms - 78[39m
[35m[HTTP][39m [90m[39m
[35m[HTTP][39m [37m-->[39m [37mPOST[39m [37m/wd/hub/session/b55f0371-38e1-4f2a-8514-356882bd426e/timeouts[39m
[35m[HTTP][39m [90m{"implicit":30000}[39m
[35m[HTTP][39m [37m<-- POST /wd/hub/session/b55f0371-38e1-4f2a-8514-356882bd426e/timeouts [39m[32m200[39m [90m1 ms - 14[39m
[35m[HTTP][39m [90m[39m
[35m[HTTP][39m [37m-->[39m [37mPOST[39m [37m/wd/hub/session/b55f0371-38e1-4f2a-8514-356882bd426e/touch/perform[39m
[35m[HTTP][39m [90m{"actions":[{"action":"tap","options":{"x":1,"y":1,"element":"00000000-0000-11af-ffff-ffff000072a5"}},{"action":"release","options":{}}]}[39m
[35m[UiAutomator2][39m calling get location: 00000000-0000-11af-ffff-ffff000072a5
[35m[HTTP][39m [37m<-- POST /wd/hub/session/b55f0371-38e1-4f2a-8514-356882bd426e/touch/perform [39m[32m200[39m [90m247 ms - 14[39m
[35m[HTTP][39m [90m[39m
[35m[HTTP][39m [37m-->[39m [37mPOST[39m [37m/wd/hub/session/b55f0371-38e1-4f2a-8514-356882bd426e/timeouts[39m
[35m[HTTP][39m [90m{"implicit":50}[39m
[35m[HTTP][39m [37m<-- POST /wd/hub/session/b55f0371-38e1-4f2a-8514-356882bd426e/timeouts [39m[32m200[39m [90m1 ms - 14[39m
[35m[HTTP][39m [90m[39m
[35m[HTTP][39m [37m-->[39m [37mGET[39m [37m/wd/hub/session/b55f0371-38e1-4f2a-8514-356882bd426e/window/rect[39m
[35m[HTTP][39m [90m{}[39m
[35m[HTTP][39m [37m<-- GET /wd/hub/session/b55f0371-38e1-4f2a-8514-356882bd426e/window/rect [39m[32m200[39m [90m18 ms - 50[39m
[35m[HTTP][39m [90m[39m
[35m[HTTP][39m [37m-->[39m [37mPOST[39m [37m/wd/hub/session/b55f0371-38e1-4f2a-8514-356882bd426e/elements[39m
[35m[HTTP][39m [90m{"using":"xpath","value":"//*[@class = 'android.widget.Button' and (@text = 'Select' or . = 'Select')]"}[39m
[35m[HTTP][39m [37m<-- POST /wd/hub/session/b55f0371-38e1-4f2a-8514-356882bd426e/elements [39m[32m200[39m [90m688 ms - 139[39m
[35m[HTTP][39m [90m[39m
[35m[HTTP][39m [37m-->[39m [37mGET[39m [37m/wd/hub/session/b55f0371-38e1-4f2a-8514-356882bd426e/element/00000000-0000-11bc-ffff-ffff00009807/location[39m
[35m[HTTP][39m [90m{}[39m
[35m[W3C (b55f0371)][39m Driver proxy active, passing request on via HTTP proxy
[35m[WD Proxy][39m Replacing sessionId a38c7b68-84a5-4dd4-b63c-bdd6a9e7a72d with b55f0371-38e1-4f2a-8514-356882bd426e
[35m[HTTP][39m [37m<-- GET /wd/hub/session/b55f0371-38e1-4f2a-8514-356882bd426e/element/00000000-0000-11bc-ffff-ffff00009807/location [39m[32m200[39m [90m40 ms - 79[39m
[35m[HTTP][39m [90m[39m
[35m[HTTP][39m [37m-->[39m [37mPOST[39m [37m/wd/hub/session/b55f0371-38e1-4f2a-8514-356882bd426e/timeouts[39m
[35m[HTTP][39m [90m{"implicit":30000}[39m
[35m[HTTP][39m [37m<-- POST /wd/hub/session/b55f0371-38e1-4f2a-8514-356882bd426e/timeouts [39m[32m200[39m [90m1 ms - 14[39m
[35m[HTTP][39m [90m[39m
[35m[HTTP][39m [37m-->[39m [37mPOST[39m [37m/wd/hub/session/b55f0371-38e1-4f2a-8514-356882bd426e/timeouts[39m
[35m[HTTP][39m [90m{"implicit":50}[39m
[35m[HTTP][39m [37m<-- POST /wd/hub/session/b55f0371-38e1-4f2a-8514-356882bd426e/timeouts [39m[32m200[39m [90m1 ms - 14[39m
[35m[HTTP][39m [90m[39m
[35m[HTTP][39m [37m-->[39m [37mGET[39m [37m/wd/hub/session/b55f0371-38e1-4f2a-8514-356882bd426e/window/rect[39m
[35m[HTTP][39m [90m{}[39m
[35m[HTTP][39m [37m<-- GET /wd/hub/session/b55f0371-38e1-4f2a-8514-356882bd426e/window/rect [39m[32m200[39m [90m30 ms - 50[39m
[35m[HTTP][39m [90m[39m
[35m[HTTP][39m [37m-->[39m [37mPOST[39m [37m/wd/hub/session/b55f0371-38e1-4f2a-8514-356882bd426e/elements[39m
[35m[HTTP][39m [90m{"using":"xpath","value":"//*[@class = 'android.widget.Button' and (@text = 'Select' or . = 'Select')]"}[39m
[35m[HTTP][39m [37m<-- POST /wd/hub/session/b55f0371-38e1-4f2a-8514-356882bd426e/elements [39m[32m200[39m [90m121 ms - 139[39m
[35m[HTTP][39m [90m[39m
[35m[HTTP][39m [37m-->[39m [37mGET[39m [37m/wd/hub/session/b55f0371-38e1-4f2a-8514-356882bd426e/element/00000000-0000-11bc-ffff-ffff00009807/location[39m
[35m[HTTP][39m [90m{}[39m
[35m[W3C (b55f0371)][39m Driver proxy active, passing request on via HTTP proxy
[35m[WD Proxy][39m Replacing sessionId a38c7b68-84a5-4dd4-b63c-bdd6a9e7a72d with b55f0371-38e1-4f2a-8514-356882bd426e
[35m[HTTP][39m [37m<-- GET /wd/hub/session/b55f0371-38e1-4f2a-8514-356882bd426e/element/00000000-0000-11bc-ffff-ffff00009807/location [39m[32m200[39m [90m43 ms - 79[39m
[35m[HTTP][39m [90m[39m
[35m[HTTP][39m [37m-->[39m [37mPOST[39m [37m/wd/hub/session/b55f0371-38e1-4f2a-8514-356882bd426e/timeouts[39m
[35m[HTTP][39m [90m{"implicit":30000}[39m
[35m[HTTP][39m [37m<-- POST /wd/hub/session/b55f0371-38e1-4f2a-8514-356882bd426e/timeouts [39m[32m200[39m [90m1 ms - 14[39m
[35m[HTTP][39m [90m[39m
[35m[HTTP][39m [37m-->[39m [37mPOST[39m [37m/wd/hub/session/b55f0371-38e1-4f2a-8514-356882bd426e/touch/perform[39m
[35m[HTTP][39m [90m{"actions":[{"action":"tap","options":{"x":1,"y":1,"element":"00000000-0000-11bc-ffff-ffff00009807"}},{"action":"release","options":{}}]}[39m
[35m[UiAutomator2][39m calling get location: 00000000-0000-11bc-ffff-ffff00009807
[35m[HTTP][39m [37m<-- POST /wd/hub/session/b55f0371-38e1-4f2a-8514-356882bd426e/touch/perform [39m[32m200[39m [90m826 ms - 14[39m
[35m[HTTP][39m [90m[39m
[35m[HTTP][39m [37m-->[39m [37mPOST[39m [37m/wd/hub/session/b55f0371-38e1-4f2a-8514-356882bd426e/timeouts[39m
[35m[HTTP][39m [90m{"implicit":50}[39m
[35m[HTTP][39m [37m<-- POST /wd/hub/session/b55f0371-38e1-4f2a-8514-356882bd426e/timeouts [39m[32m200[39m [90m2 ms - 14[39m
[35m[HTTP][39m [90m[39m
[35m[HTTP][39m [37m-->[39m [37mGET[39m [37m/wd/hub/session/b55f0371-38e1-4f2a-8514-356882bd426e/window/rect[39m
[35m[HTTP][39m [90m{}[39m
[35m[HTTP][39m [37m<-- GET /wd/hub/session/b55f0371-38e1-4f2a-8514-356882bd426e/window/rect [39m[32m200[39m [90m28 ms - 50[39m
[35m[HTTP][39m [90m[39m
[35m[HTTP][39m [37m-->[39m [37mPOST[39m [37m/wd/hub/session/b55f0371-38e1-4f2a-8514-356882bd426e/elements[39m
[35m[HTTP][39m [90m{"using":"xpath","value":"//*[@class = 'android.widget.EditText' and @resource-id = 'com.traveloka.android:id/edit_text_field' and @bounds = '[561,1108][1006,1213]']"}[39m
[35m[HTTP][39m [37m<-- POST /wd/hub/session/b55f0371-38e1-4f2a-8514-356882bd426e/elements [39m[32m200[39m [90m381 ms - 139[39m
[35m[HTTP][39m [90m[39m
[35m[HTTP][39m [37m-->[39m [37mGET[39m [37m/wd/hub/session/b55f0371-38e1-4f2a-8514-356882bd426e/element/00000000-0000-11af-ffff-ffff000072ac/location[39m
[35m[HTTP][39m [90m{}[39m
[35m[W3C (b55f0371)][39m Driver proxy active, passing request on via HTTP proxy
[35m[WD Proxy][39m Replacing sessionId a38c7b68-84a5-4dd4-b63c-bdd6a9e7a72d with b55f0371-38e1-4f2a-8514-356882bd426e
[35m[HTTP][39m [37m<-- GET /wd/hub/session/b55f0371-38e1-4f2a-8514-356882bd426e/element/00000000-0000-11af-ffff-ffff000072ac/location [39m[32m200[39m [90m45 ms - 79[39m
[35m[HTTP][39m [90m[39m
[35m[HTTP][39m [37m-->[39m [37mPOST[39m [37m/wd/hub/session/b55f0371-38e1-4f2a-8514-356882bd426e/timeouts[39m
[35m[HTTP][39m [90m{"implicit":30000}[39m
[35m[HTTP][39m [37m<-- POST /wd/hub/session/b55f0371-38e1-4f2a-8514-356882bd426e/timeouts [39m[32m200[39m [90m3 ms - 14[39m
[35m[HTTP][39m [90m[39m
[35m[HTTP][39m [37m-->[39m [37mPOST[39m [37m/wd/hub/session/b55f0371-38e1-4f2a-8514-356882bd426e/touch/perform[39m
[35m[HTTP][39m [90m{"actions":[{"action":"tap","options":{"x":1,"y":1,"element":"00000000-0000-11af-ffff-ffff000072ac"}},{"action":"release","options":{}}]}[39m
[35m[UiAutomator2][39m calling get location: 00000000-0000-11af-ffff-ffff000072ac
[35m[HTTP][39m [37m<-- POST /wd/hub/session/b55f0371-38e1-4f2a-8514-356882bd426e/touch/perform [39m[32m200[39m [90m260 ms - 14[39m
[35m[HTTP][39m [90m[39m
[35m[HTTP][39m [37m-->[39m [37mPOST[39m [37m/wd/hub/session/b55f0371-38e1-4f2a-8514-356882bd426e/timeouts[39m
[35m[HTTP][39m [90m{"implicit":50}[39m
[35m[HTTP][39m [37m<-- POST /wd/hub/session/b55f0371-38e1-4f2a-8514-356882bd426e/timeouts [39m[32m200[39m [90m1 ms - 14[39m
[35m[HTTP][39m [90m[39m
[35m[HTTP][39m [37m-->[39m [37mGET[39m [37m/wd/hub/session/b55f0371-38e1-4f2a-8514-356882bd426e/window/rect[39m
[35m[HTTP][39m [90m{}[39m
[35m[HTTP][39m [37m<-- GET /wd/hub/session/b55f0371-38e1-4f2a-8514-356882bd426e/window/rect [39m[32m200[39m [90m18 ms - 50[39m
[35m[HTTP][39m [90m[39m
[35m[HTTP][39m [37m-->[39m [37mPOST[39m [37m/wd/hub/session/b55f0371-38e1-4f2a-8514-356882bd426e/elements[39m
[35m[HTTP][39m [90m{"using":"xpath","value":"//*[@class = 'android.widget.Button' and (@text = 'DONE' or . = 'DONE')]"}[39m
[35m[HTTP][39m [37m<-- POST /wd/hub/session/b55f0371-38e1-4f2a-8514-356882bd426e/elements [39m[32m200[39m [90m683 ms - 139[39m
[35m[HTTP][39m [90m[39m
[35m[HTTP][39m [37m-->[39m [37mGET[39m [37m/wd/hub/session/b55f0371-38e1-4f2a-8514-356882bd426e/element/00000000-0000-11bd-ffff-ffff00009832/location[39m
[35m[HTTP][39m [90m{}[39m
[35m[W3C (b55f0371)][39m Driver proxy active, passing request on via HTTP proxy
[35m[WD Proxy][39m Replacing sessionId a38c7b68-84a5-4dd4-b63c-bdd6a9e7a72d with b55f0371-38e1-4f2a-8514-356882bd426e
[35m[HTTP][39m [37m<-- GET /wd/hub/session/b55f0371-38e1-4f2a-8514-356882bd426e/element/00000000-0000-11bd-ffff-ffff00009832/location [39m[32m200[39m [90m32 ms - 78[39m
[35m[HTTP][39m [90m[39m
[35m[HTTP][39m [37m-->[39m [37mPOST[39m [37m/wd/hub/session/b55f0371-38e1-4f2a-8514-356882bd426e/timeouts[39m
[35m[HTTP][39m [90m{"implicit":30000}[39m
[35m[HTTP][39m [37m<-- POST /wd/hub/session/b55f0371-38e1-4f2a-8514-356882bd426e/timeouts [39m[32m200[39m [90m3 ms - 14[39m
[35m[HTTP][39m [90m[39m
[35m[HTTP][39m [37m-->[39m [37mPOST[39m [37m/wd/hub/session/b55f0371-38e1-4f2a-8514-356882bd426e/timeouts[39m
[35m[HTTP][39m [90m{"implicit":50}[39m
[35m[HTTP][39m [37m<-- POST /wd/hub/session/b55f0371-38e1-4f2a-8514-356882bd426e/timeouts [39m[32m200[39m [90m1 ms - 14[39m
[35m[HTTP][39m [90m[39m
[35m[HTTP][39m [37m-->[39m [37mGET[39m [37m/wd/hub/session/b55f0371-38e1-4f2a-8514-356882bd426e/window/rect[39m
[35m[HTTP][39m [90m{}[39m
[35m[HTTP][39m [37m<-- GET /wd/hub/session/b55f0371-38e1-4f2a-8514-356882bd426e/window/rect [39m[32m200[39m [90m23 ms - 50[39m
[35m[HTTP][39m [90m[39m
[35m[HTTP][39m [37m-->[39m [37mPOST[39m [37m/wd/hub/session/b55f0371-38e1-4f2a-8514-356882bd426e/elements[39m
[35m[HTTP][39m [90m{"using":"xpath","value":"//*[@class = 'android.widget.TextView' and (@text = 'Business' or . = 'Business') and @resource-id = 'com.traveloka.android:id/title']"}[39m
[35m[HTTP][39m [37m<-- POST /wd/hub/session/b55f0371-38e1-4f2a-8514-356882bd426e/elements [39m[32m200[39m [90m114 ms - 139[39m
[35m[HTTP][39m [90m[39m
[35m[HTTP][39m [37m-->[39m [37mGET[39m [37m/wd/hub/session/b55f0371-38e1-4f2a-8514-356882bd426e/element/00000000-0000-11bd-ffff-ffff0000984a/location[39m
[35m[HTTP][39m [90m{}[39m
[35m[W3C (b55f0371)][39m Driver proxy active, passing request on via HTTP proxy
[35m[WD Proxy][39m Replacing sessionId a38c7b68-84a5-4dd4-b63c-bdd6a9e7a72d with b55f0371-38e1-4f2a-8514-356882bd426e
[35m[HTTP][39m [37m<-- GET /wd/hub/session/b55f0371-38e1-4f2a-8514-356882bd426e/element/00000000-0000-11bd-ffff-ffff0000984a/location [39m[32m200[39m [90m35 ms - 79[39m
[35m[HTTP][39m [90m[39m
[35m[HTTP][39m [37m-->[39m [37mPOST[39m [37m/wd/hub/session/b55f0371-38e1-4f2a-8514-356882bd426e/timeouts[39m
[35m[HTTP][39m [90m{"implicit":30000}[39m
[35m[HTTP][39m [37m<-- POST /wd/hub/session/b55f0371-38e1-4f2a-8514-356882bd426e/timeouts [39m[32m200[39m [90m1 ms - 14[39m
[35m[HTTP][39m [90m[39m
[35m[HTTP][39m [37m-->[39m [37mPOST[39m [37m/wd/hub/session/b55f0371-38e1-4f2a-8514-356882bd426e/touch/perform[39m
[35m[HTTP][39m [90m{"actions":[{"action":"tap","options":{"x":1,"y":1,"element":"00000000-0000-11bd-ffff-ffff0000984a"}},{"action":"release","options":{}}]}[39m
[35m[UiAutomator2][39m calling get location: 00000000-0000-11bd-ffff-ffff0000984a
[35m[HTTP][39m [37m<-- POST /wd/hub/session/b55f0371-38e1-4f2a-8514-356882bd426e/touch/perform [39m[32m200[39m [90m679 ms - 14[39m
[35m[HTTP][39m [90m[39m
[35m[HTTP][39m [37m-->[39m [37mPOST[39m [37m/wd/hub/session/b55f0371-38e1-4f2a-8514-356882bd426e/timeouts[39m
[35m[HTTP][39m [90m{"implicit":50}[39m
[35m[HTTP][39m [37m<-- POST /wd/hub/session/b55f0371-38e1-4f2a-8514-356882bd426e/timeouts [39m[32m200[39m [90m1 ms - 14[39m
[35m[HTTP][39m [90m[39m
[35m[HTTP][39m [37m-->[39m [37mGET[39m [37m/wd/hub/session/b55f0371-38e1-4f2a-8514-356882bd426e/window/rect[39m
[35m[HTTP][39m [90m{}[39m
[35m[HTTP][39m [37m<-- GET /wd/hub/session/b55f0371-38e1-4f2a-8514-356882bd426e/window/rect [39m[32m200[39m [90m23 ms - 50[39m
[35m[HTTP][39m [90m[39m
[35m[HTTP][39m [37m-->[39m [37mPOST[39m [37m/wd/hub/session/b55f0371-38e1-4f2a-8514-356882bd426e/elements[39m
[35m[HTTP][39m [90m{"using":"xpath","value":"//*[@class = 'android.widget.Button' and (@text = 'DONE' or . = 'DONE')]"}[39m
[35m[HTTP][39m [37m<-- POST /wd/hub/session/b55f0371-38e1-4f2a-8514-356882bd426e/elements [39m[32m200[39m [90m71 ms - 139[39m
[35m[HTTP][39m [90m[39m
[35m[HTTP][39m [37m-->[39m [37mGET[39m [37m/wd/hub/session/b55f0371-38e1-4f2a-8514-356882bd426e/element/00000000-0000-11bd-ffff-ffff00009832/location[39m
[35m[HTTP][39m [90m{}[39m
[35m[W3C (b55f0371)][39m Driver proxy active, passing request on via HTTP proxy
[35m[WD Proxy][39m Replacing sessionId a38c7b68-84a5-4dd4-b63c-bdd6a9e7a72d with b55f0371-38e1-4f2a-8514-356882bd426e
[35m[HTTP][39m [37m<-- GET /wd/hub/session/b55f0371-38e1-4f2a-8514-356882bd426e/element/00000000-0000-11bd-ffff-ffff00009832/location [39m[32m200[39m [90m21 ms - 78[39m
[35m[HTTP][39m [90m[39m
[35m[HTTP][39m [37m-->[39m [37mPOST[39m [37m/wd/hub/session/b55f0371-38e1-4f2a-8514-356882bd426e/timeouts[39m
[35m[HTTP][39m [90m{"implicit":30000}[39m
[35m[HTTP][39m [37m<-- POST /wd/hub/session/b55f0371-38e1-4f2a-8514-356882bd426e/timeouts [39m[32m200[39m [90m1 ms - 14[39m
[35m[HTTP][39m [90m[39m
[35m[HTTP][39m [37m-->[39m [37mPOST[39m [37m/wd/hub/session/b55f0371-38e1-4f2a-8514-356882bd426e/touch/perform[39m
[35m[HTTP][39m [90m{"actions":[{"action":"tap","options":{"x":1,"y":1,"element":"00000000-0000-11bd-ffff-ffff00009832"}},{"action":"release","options":{}}]}[39m
[35m[UiAutomator2][39m calling get location: 00000000-0000-11bd-ffff-ffff00009832
[35m[HTTP][39m [37m<-- POST /wd/hub/session/b55f0371-38e1-4f2a-8514-356882bd426e/touch/perform [39m[32m200[39m [90m781 ms - 14[39m
[35m[HTTP][39m [90m[39m
[35m[HTTP][39m [37m-->[39m [37mPOST[39m [37m/wd/hub/session/b55f0371-38e1-4f2a-8514-356882bd426e/timeouts[39m
[35m[HTTP][39m [90m{"implicit":50}[39m
[35m[HTTP][39m [37m<-- POST /wd/hub/session/b55f0371-38e1-4f2a-8514-356882bd426e/timeouts [39m[32m200[39m [90m1 ms - 14[39m
[35m[HTTP][39m [90m[39m
[35m[HTTP][39m [37m-->[39m [37mGET[39m [37m/wd/hub/session/b55f0371-38e1-4f2a-8514-356882bd426e/window/rect[39m
[35m[HTTP][39m [90m{}[39m
[35m[HTTP][39m [37m<-- GET /wd/hub/session/b55f0371-38e1-4f2a-8514-356882bd426e/window/rect [39m[32m200[39m [90m31 ms - 50[39m
[35m[HTTP][39m [90m[39m
[35m[HTTP][39m [37m-->[39m [37mPOST[39m [37m/wd/hub/session/b55f0371-38e1-4f2a-8514-356882bd426e/elements[39m
[35m[HTTP][39m [90m{"using":"xpath","value":"//*[@class = 'android.widget.CheckBox' and @resource-id = 'com.traveloka.android:id/check_box' and (@text = '' or . = '')]"}[39m
[35m[HTTP][39m [37m<-- POST /wd/hub/session/b55f0371-38e1-4f2a-8514-356882bd426e/elements [39m[32m200[39m [90m323 ms - 139[39m
[35m[HTTP][39m [90m[39m
[35m[HTTP][39m [37m-->[39m [37mGET[39m [37m/wd/hub/session/b55f0371-38e1-4f2a-8514-356882bd426e/element/00000000-0000-11af-ffff-ffff000072b3/location[39m
[35m[HTTP][39m [90m{}[39m
[35m[W3C (b55f0371)][39m Driver proxy active, passing request on via HTTP proxy
[35m[WD Proxy][39m Replacing sessionId a38c7b68-84a5-4dd4-b63c-bdd6a9e7a72d with b55f0371-38e1-4f2a-8514-356882bd426e
[35m[HTTP][39m [37m<-- GET /wd/hub/session/b55f0371-38e1-4f2a-8514-356882bd426e/element/00000000-0000-11af-ffff-ffff000072b3/location [39m[32m200[39m [90m32 ms - 78[39m
[35m[HTTP][39m [90m[39m
[35m[HTTP][39m [37m-->[39m [37mPOST[39m [37m/wd/hub/session/b55f0371-38e1-4f2a-8514-356882bd426e/timeouts[39m
[35m[HTTP][39m [90m{"implicit":30000}[39m
[35m[HTTP][39m [37m<-- POST /wd/hub/session/b55f0371-38e1-4f2a-8514-356882bd426e/timeouts [39m[32m200[39m [90m2 ms - 14[39m
[35m[HTTP][39m [90m[39m
[35m[HTTP][39m [37m-->[39m [37mPOST[39m [37m/wd/hub/session/b55f0371-38e1-4f2a-8514-356882bd426e/touch/perform[39m
[35m[HTTP][39m [90m{"actions":[{"action":"tap","options":{"x":1,"y":1,"element":"00000000-0000-11af-ffff-ffff000072b3"}},{"action":"release","options":{}}]}[39m
[35m[UiAutomator2][39m calling get location: 00000000-0000-11af-ffff-ffff000072b3
[35m[HTTP][39m [37m<-- POST /wd/hub/session/b55f0371-38e1-4f2a-8514-356882bd426e/touch/perform [39m[32m200[39m [90m245 ms - 14[39m
[35m[HTTP][39m [90m[39m
[35m[HTTP][39m [37m-->[39m [37mPOST[39m [37m/wd/hub/session/b55f0371-38e1-4f2a-8514-356882bd426e/timeouts[39m
[35m[HTTP][39m [90m{"implicit":50}[39m
[35m[HTTP][39m [37m<-- POST /wd/hub/session/b55f0371-38e1-4f2a-8514-356882bd426e/timeouts [39m[32m200[39m [90m1 ms - 14[39m
[35m[HTTP][39m [90m[39m
[35m[HTTP][39m [37m-->[39m [37mGET[39m [37m/wd/hub/session/b55f0371-38e1-4f2a-8514-356882bd426e/window/rect[39m
[35m[HTTP][39m [90m{}[39m
[35m[HTTP][39m [37m<-- GET /wd/hub/session/b55f0371-38e1-4f2a-8514-356882bd426e/window/rect [39m[32m200[39m [90m14 ms - 50[39m
[35m[HTTP][39m [90m[39m
[35m[HTTP][39m [37m-->[39m [37mPOST[39m [37m/wd/hub/session/b55f0371-38e1-4f2a-8514-356882bd426e/elements[39m
[35m[HTTP][39m [90m{"using":"xpath","value":"//*[@class = 'android.widget.Button' and (@text = 'Search' or . = 'Search') and @resource-id = 'com.traveloka.android.flight:id/btn_search']"}[39m
[35m[HTTP][39m [37m<-- POST /wd/hub/session/b55f0371-38e1-4f2a-8514-356882bd426e/elements [39m[32m200[39m [90m802 ms - 139[39m
[35m[HTTP][39m [90m[39m
[35m[HTTP][39m [37m-->[39m [37mGET[39m [37m/wd/hub/session/b55f0371-38e1-4f2a-8514-356882bd426e/element/00000000-0000-11af-ffff-ffff000072be/location[39m
[35m[HTTP][39m [90m{}[39m
[35m[W3C (b55f0371)][39m Driver proxy active, passing request on via HTTP proxy
[35m[WD Proxy][39m Replacing sessionId a38c7b68-84a5-4dd4-b63c-bdd6a9e7a72d with b55f0371-38e1-4f2a-8514-356882bd426e
[35m[HTTP][39m [37m<-- GET /wd/hub/session/b55f0371-38e1-4f2a-8514-356882bd426e/element/00000000-0000-11af-ffff-ffff000072be/location [39m[32m200[39m [90m22 ms - 78[39m
[35m[HTTP][39m [90m[39m
[35m[HTTP][39m [37m-->[39m [37mPOST[39m [37m/wd/hub/session/b55f0371-38e1-4f2a-8514-356882bd426e/timeouts[39m
[35m[HTTP][39m [90m{"implicit":30000}[39m
[35m[HTTP][39m [37m<-- POST /wd/hub/session/b55f0371-38e1-4f2a-8514-356882bd426e/timeouts [39m[32m200[39m [90m2 ms - 14[39m
[35m[HTTP][39m [90m[39m
[35m[HTTP][39m [37m-->[39m [37mPOST[39m [37m/wd/hub/session/b55f0371-38e1-4f2a-8514-356882bd426e/touch/perform[39m
[35m[HTTP][39m [90m{"actions":[{"action":"tap","options":{"x":1,"y":1,"element":"00000000-0000-11af-ffff-ffff000072be"}},{"action":"release","options":{}}]}[39m
[35m[UiAutomator2][39m calling get location: 00000000-0000-11af-ffff-ffff000072be
[35m[HTTP][39m [37m<-- POST /wd/hub/session/b55f0371-38e1-4f2a-8514-356882bd426e/touch/perform [39m[32m200[39m [90m228 ms - 14[39m
[35m[HTTP][39m [90m[39m
[35m[HTTP][39m [37m-->[39m [37mPOST[39m [37m/wd/hub/session/b55f0371-38e1-4f2a-8514-356882bd426e/timeouts[39m
[35m[HTTP][39m [90m{"implicit":50}[39m
[35m[HTTP][39m [37m<-- POST /wd/hub/session/b55f0371-38e1-4f2a-8514-356882bd426e/timeouts [39m[32m200[39m [90m2 ms - 14[39m
[35m[HTTP][39m [90m[39m
[35m[HTTP][39m [37m-->[39m [37mGET[39m [37m/wd/hub/session/b55f0371-38e1-4f2a-8514-356882bd426e/window/rect[39m
[35m[HTTP][39m [90m{}[39m
[35m[HTTP][39m [37m<-- GET /wd/hub/session/b55f0371-38e1-4f2a-8514-356882bd426e/window/rect [39m[32m200[39m [90m21 ms - 50[39m
[35m[HTTP][39m [90m[39m
[35m[HTTP][39m [37m-->[39m [37mPOST[39m [37m/wd/hub/session/b55f0371-38e1-4f2a-8514-356882bd426e/elements[39m
[35m[HTTP][39m [90m{"using":"xpath","value":"//*[@class = 'android.widget.TextView' and @resource-id = 'com.traveloka.android:id/text_view_toolbar_title']"}[39m
[35m[HTTP][39m [37m<-- POST /wd/hub/session/b55f0371-38e1-4f2a-8514-356882bd426e/elements [39m[32m200[39m [90m2048 ms - 139[39m
[35m[HTTP][39m [90m[39m
[35m[HTTP][39m [37m-->[39m [37mGET[39m [37m/wd/hub/session/b55f0371-38e1-4f2a-8514-356882bd426e/element/00000000-0000-11be-ffff-ffff0000987c/location[39m
[35m[HTTP][39m [90m{}[39m
[35m[W3C (b55f0371)][39m Driver proxy active, passing request on via HTTP proxy
[35m[WD Proxy][39m Replacing sessionId a38c7b68-84a5-4dd4-b63c-bdd6a9e7a72d with b55f0371-38e1-4f2a-8514-356882bd426e
[35m[HTTP][39m [37m<-- GET /wd/hub/session/b55f0371-38e1-4f2a-8514-356882bd426e/element/00000000-0000-11be-ffff-ffff0000987c/location [39m[32m200[39m [90m38 ms - 77[39m
[35m[HTTP][39m [90m[39m
[35m[HTTP][39m [37m-->[39m [37mPOST[39m [37m/wd/hub/session/b55f0371-38e1-4f2a-8514-356882bd426e/timeouts[39m
[35m[HTTP][39m [90m{"implicit":30000}[39m
[35m[HTTP][39m [37m<-- POST /wd/hub/session/b55f0371-38e1-4f2a-8514-356882bd426e/timeouts [39m[32m200[39m [90m1 ms - 14[39m
[35m[HTTP][39m [90m[39m
[35m[HTTP][39m [37m-->[39m [37mPOST[39m [37m/wd/hub/session/b55f0371-38e1-4f2a-8514-356882bd426e/timeouts[39m
[35m[HTTP][39m [90m{"implicit":50}[39m
[35m[HTTP][39m [37m<-- POST /wd/hub/session/b55f0371-38e1-4f2a-8514-356882bd426e/timeouts [39m[32m200[39m [90m1 ms - 14[39m
[35m[HTTP][39m [90m[39m
[35m[HTTP][39m [37m-->[39m [37mGET[39m [37m/wd/hub/session/b55f0371-38e1-4f2a-8514-356882bd426e/window/rect[39m
[35m[HTTP][39m [90m{}[39m
[35m[HTTP][39m [37m<-- GET /wd/hub/session/b55f0371-38e1-4f2a-8514-356882bd426e/window/rect [39m[32m200[39m [90m30 ms - 50[39m
[35m[HTTP][39m [90m[39m
[35m[HTTP][39m [37m-->[39m [37mPOST[39m [37m/wd/hub/session/b55f0371-38e1-4f2a-8514-356882bd426e/elements[39m
[35m[HTTP][39m [90m{"using":"xpath","value":"//*[@class = 'android.widget.TextView' and @resource-id = 'com.traveloka.android:id/text_view_toolbar_content']"}[39m
[35m[HTTP][39m [37m<-- POST /wd/hub/session/b55f0371-38e1-4f2a-8514-356882bd426e/elements [39m[32m200[39m [90m156 ms - 139[39m
[35m[HTTP][39m [90m[39m
[35m[HTTP][39m [37m-->[39m [37mGET[39m [37m/wd/hub/session/b55f0371-38e1-4f2a-8514-356882bd426e/element/00000000-0000-11be-ffff-ffff0000987e/location[39m
[35m[HTTP][39m [90m{}[39m
[35m[W3C (b55f0371)][39m Driver proxy active, passing request on via HTTP proxy
[35m[WD Proxy][39m Replacing sessionId a38c7b68-84a5-4dd4-b63c-bdd6a9e7a72d with b55f0371-38e1-4f2a-8514-356882bd426e
[35m[HTTP][39m [37m<-- GET /wd/hub/session/b55f0371-38e1-4f2a-8514-356882bd426e/element/00000000-0000-11be-ffff-ffff0000987e/location [39m[32m200[39m [90m35 ms - 78[39m
[35m[HTTP][39m [90m[39m
[35m[HTTP][39m [37m-->[39m [37mPOST[39m [37m/wd/hub/session/b55f0371-38e1-4f2a-8514-356882bd426e/timeouts[39m
[35m[HTTP][39m [90m{"implicit":30000}[39m
[35m[HTTP][39m [37m<-- POST /wd/hub/session/b55f0371-38e1-4f2a-8514-356882bd426e/timeouts [39m[32m200[39m [90m2 ms - 14[39m
[35m[HTTP][39m [90m[39m
[35m[HTTP][39m [37m-->[39m [37mDELETE[39m [37m/wd/hub/session/b55f0371-38e1-4f2a-8514-356882bd426e[39m
[35m[HTTP][39m [90m{}[39m
[35m[Appium][39m Removing session b55f0371-38e1-4f2a-8514-356882bd426e from our master session list
[35m[UiAutomator2][39m Restoring hidden api policy to the device default configuration
[35m[HTTP][39m [37m<-- DELETE /wd/hub/session/b55f0371-38e1-4f2a-8514-356882bd426e [39m[32m200[39m [90m531 ms - 14[39m
[35m[HTTP][39m [90m[39m
